๐ง ุจุฏุก ุงูุชุนูู ุงููุณุชูุฑ...
๐ ุฅูุดุงุก ูุงุนุฏุฉ ุจูุงูุงุช ุงููุนุฑูุฉ...
.kiro/scripts/continuous_learning.sh: line 10: sqlite3: command not found
[2025-10-15 22:44:18] ๐ ุชุญููู ุฃููุงุท ุงูููุฏ...
[2025-10-15 22:44:18] ๐ ุงูุงูุชุฒุงูุงุช ุงูููู: 0
[2025-10-15 22:49:18] ๐ ุชุญููู ุฃููุงุท ุงูููุฏ...
[2025-10-15 22:49:18] ๐ ุงูุงูุชุฒุงูุงุช ุงูููู: 0
[2025-10-15 22:54:18] ๐ ุชุญููู ุฃููุงุท ุงูููุฏ...
[2025-10-15 22:54:18] ๐ ุงูุงูุชุฒุงูุงุช ุงูููู: 0
[2025-10-15 22:59:18] ๐ ุชุญููู ุฃููุงุท ุงูููุฏ...
[2025-10-15 22:59:18] ๐ ุงูุงูุชุฒุงูุงุช ุงูููู: 0
[2025-10-15 23:04:18] ๐ ุชุญููู ุฃููุงุท ุงูููุฏ...
[2025-10-15 23:04:18] ๐ ุงูุงูุชุฒุงูุงุช ุงูููู: 0
[2025-10-15 23:09:19] ๐ ุชุญููู ุฃููุงุท ุงูููุฏ...
[2025-10-15 23:09:19] ๐ ุงูุงูุชุฒุงูุงุช ุงูููู: 0
[2025-10-15 23:14:19] ๐ ุชุญููู ุฃููุงุท ุงูููุฏ...
[2025-10-15 23:14:19] ๐ ุงูุงูุชุฒุงูุงุช ุงูููู: 0
[2025-10-15 23:19:19] ๐ ุชุญููู ุฃููุงุท ุงูููุฏ...
[2025-10-15 23:19:19] ๐ ุงูุงูุชุฒุงูุงุช ุงูููู: 0
[2025-10-15 23:24:19] ๐ ุชุญููู ุฃููุงุท ุงูููุฏ...
[2025-10-15 23:24:19] ๐ ุงูุงูุชุฒุงูุงุช ุงูููู: 0
[2025-10-15 23:29:19] ๐ ุชุญููู ุฃููุงุท ุงูููุฏ...
[2025-10-15 23:29:19] ๐ ุงูุงูุชุฒุงูุงุช ุงูููู: 0
[2025-10-15 23:34:19] ๐ ุชุญููู ุฃููุงุท ุงูููุฏ...
[2025-10-15 23:34:19] ๐ ุงูุงูุชุฒุงูุงุช ุงูููู: 0
[2025-10-15 23:39:19] ๐ ุชุญููู ุฃููุงุท ุงูููุฏ...
[2025-10-15 23:39:19] ๐ ุงูุงูุชุฒุงูุงุช ุงูููู: 0
[2025-10-15 23:44:19] ๐ ุชุญููู ุฃููุงุท ุงูููุฏ...
[2025-10-15 23:44:19] ๐ ุงูุงูุชุฒุงูุงุช ุงูููู: 0
[2025-10-15 23:49:19] ๐ ุชุญููู ุฃููุงุท ุงูููุฏ...
[2025-10-15 23:49:19] ๐ ุงูุงูุชุฒุงูุงุช ุงูููู: 0
[2025-10-15 23:54:19] ๐ ุชุญููู ุฃููุงุท ุงูููุฏ...
[2025-10-15 23:54:19] ๐ ุงูุงูุชุฒุงูุงุช ุงูููู: 0
[2025-10-15 23:59:19] ๐ ุชุญููู ุฃููุงุท ุงูููุฏ...
[2025-10-15 23:59:19] ๐ ุงูุงูุชุฒุงูุงุช ุงูููู: 0
[2025-10-16 00:04:19] ๐ ุชุญููู ุฃููุงุท ุงูููุฏ...
[2025-10-16 00:04:19] ๐ ุงูุงูุชุฒุงูุงุช ุงูููู: 0
[2025-10-16 00:09:19] ๐ ุชุญููู ุฃููุงุท ุงูููุฏ...
[2025-10-16 00:09:19] ๐ ุงูุงูุชุฒุงูุงุช ุงูููู: 0
[2025-10-16 00:14:19] ๐ ุชุญููู ุฃููุงุท ุงูููุฏ...
[2025-10-16 00:14:19] ๐ ุงูุงูุชุฒุงูุงุช ุงูููู: 0
[2025-10-16 00:19:19] ๐ ุชุญููู ุฃููุงุท ุงูููุฏ...
[2025-10-16 00:19:19] ๐ ุงูุงูุชุฒุงูุงุช ุงูููู: 0
[2025-10-16 00:24:19] ๐ ุชุญููู ุฃููุงุท ุงูููุฏ...
[2025-10-16 00:24:19] ๐ ุงูุงูุชุฒุงูุงุช ุงูููู: 0
[2025-10-16 00:29:19] ๐ ุชุญููู ุฃููุงุท ุงูููุฏ...
[2025-10-16 00:29:19] ๐ ุงูุงูุชุฒุงูุงุช ุงูููู: 0
[2025-10-16 00:34:19] ๐ ุชุญููู ุฃููุงุท ุงูููุฏ...
[2025-10-16 00:34:19] ๐ ุงูุงูุชุฒุงูุงุช ุงูููู: 0
[2025-10-16 00:39:19] ๐ ุชุญููู ุฃููุงุท ุงูููุฏ...
[2025-10-16 00:39:19] ๐ ุงูุงูุชุฒุงูุงุช ุงูููู: 0
[2025-10-16 00:44:19] ๐ ุชุญููู ุฃููุงุท ุงูููุฏ...
[2025-10-16 00:44:19] ๐ ุงูุงูุชุฒุงูุงุช ุงูููู: 0
[2025-10-16 00:49:19] ๐ ุชุญููู ุฃููุงุท ุงูููุฏ...
[2025-10-16 00:49:19] ๐ ุงูุงูุชุฒุงูุงุช ุงูููู: 0
[2025-10-16 00:54:19] ๐ ุชุญููู ุฃููุงุท ุงูููุฏ...
[2025-10-16 00:54:19] ๐ ุงูุงูุชุฒุงูุงุช ุงูููู: 1
[2025-10-16 00:59:19] ๐ ุชุญููู ุฃููุงุท ุงูููุฏ...
[2025-10-16 00:59:19] ๐ ุงูุงูุชุฒุงูุงุช ุงูููู: 1
[2025-10-16 01:04:19] ๐ ุชุญููู ุฃููุงุท ุงูููุฏ...
[2025-10-16 01:04:19] ๐ ุงูุงูุชุฒุงูุงุช ุงูููู: 1
[2025-10-16 01:09:19] ๐ ุชุญููู ุฃููุงุท ุงูููุฏ...
[2025-10-16 01:09:19] ๐ ุงูุงูุชุฒุงูุงุช ุงูููู: 1
[2025-10-16 01:17:36] ๐ ุชุญููู ุฃููุงุท ุงูููุฏ...
[2025-10-16 01:17:36] ๐ ุงูุงูุชุฒุงูุงุช ุงูููู: 1
[2025-10-16 01:22:36] ๐ ุชุญููู ุฃููุงุท ุงูููุฏ...
[2025-10-16 01:22:36] ๐ ุงูุงูุชุฒุงูุงุช ุงูููู: 1
[2025-10-16 01:27:36] ๐ ุชุญููู ุฃููุงุท ุงูููุฏ...
[2025-10-16 01:27:36] ๐ ุงูุงูุชุฒุงูุงุช ุงูููู: 1
[2025-10-16 01:32:36] ๐ ุชุญููู ุฃููุงุท ุงูููุฏ...
[2025-10-16 01:32:36] ๐ ุงูุงูุชุฒุงูุงุช ุงูููู: 1
[2025-10-16 01:37:37] ๐ ุชุญููู ุฃููุงุท ุงูููุฏ...
[2025-10-16 01:37:37] ๐ ุงูุงูุชุฒุงูุงุช ุงูููู: 1
[2025-10-16 01:42:37] ๐ ุชุญููู ุฃููุงุท ุงูููุฏ...
[2025-10-16 01:42:37] ๐ ุงูุงูุชุฒุงูุงุช ุงูููู: 1
[2025-10-16 01:47:37] ๐ ุชุญููู ุฃููุงุท ุงูููุฏ...
[2025-10-16 01:47:37] ๐ ุงูุงูุชุฒุงูุงุช ุงูููู: 1
[2025-10-16 01:52:37] ๐ ุชุญููู ุฃููุงุท ุงูููุฏ...
[2025-10-16 01:52:37] ๐ ุงูุงูุชุฒุงูุงุช ุงูููู: 1
[2025-10-16 01:52:35] ๐ ุชุญููู ุฃููุงุท ุงูููุฏ...
[2025-10-16 01:52:35] ๐ ุงูุงูุชุฒุงูุงุช ุงูููู: 1
