๐๏ธ ุจุฏุก ุงููุฑุงูุจุฉ ุงูุฐููุฉ...
[2025-10-15 22:44:18] ๐ ูุญุต ุงูุฃุฏุงุก...
[2025-10-15 22:44:18] ๐ ุงูุนูููุงุช ุงููุดุทุฉ: 352
[2025-10-15 22:44:18] ๐ ุงูุงุชุตุงู ุจุงูุฅูุชุฑูุช: ูุชุงุญ
[2025-10-15 22:44:49] ๐ ูุญุต ุงูุฃุฏุงุก...
[2025-10-15 22:44:49] ๐ ุงูุนูููุงุช ุงููุดุทุฉ: 350
[2025-10-15 22:44:49] ๐ ุงูุงุชุตุงู ุจุงูุฅูุชุฑูุช: ูุชุงุญ
[2025-10-15 22:45:19] ๐ ูุญุต ุงูุฃุฏุงุก...
[2025-10-15 22:45:19] ๐ ุงูุนูููุงุช ุงููุดุทุฉ: 351
[2025-10-15 22:45:19] ๐ ุงูุงุชุตุงู ุจุงูุฅูุชุฑูุช: ูุชุงุญ
[2025-10-15 22:45:49] ๐ ูุญุต ุงูุฃุฏุงุก...
[2025-10-15 22:45:49] ๐ ุงูุนูููุงุช ุงููุดุทุฉ: 347
[2025-10-15 22:45:49] ๐ ุงูุงุชุตุงู ุจุงูุฅูุชุฑูุช: ูุชุงุญ
[2025-10-15 22:46:19] ๐ ูุญุต ุงูุฃุฏุงุก...
[2025-10-15 22:46:19] ๐ ุงูุนูููุงุช ุงููุดุทุฉ: 347
[2025-10-15 22:46:19] ๐ ุงูุงุชุตุงู ุจุงูุฅูุชุฑูุช: ูุชุงุญ
[2025-10-15 22:46:50] ๐ ูุญุต ุงูุฃุฏุงุก...
[2025-10-15 22:46:50] ๐ ุงูุนูููุงุช ุงููุดุทุฉ: 346
[2025-10-15 22:46:50] ๐ ุงูุงุชุตุงู ุจุงูุฅูุชุฑูุช: ูุชุงุญ
[2025-10-15 22:47:20] ๐ ูุญุต ุงูุฃุฏุงุก...
[2025-10-15 22:47:20] ๐ ุงูุนูููุงุช ุงููุดุทุฉ: 347
[2025-10-15 22:47:20] ๐ ุงูุงุชุตุงู ุจุงูุฅูุชุฑูุช: ูุชุงุญ
[2025-10-15 22:47:50] ๐ ูุญุต ุงูุฃุฏุงุก...
[2025-10-15 22:47:50] ๐ ุงูุนูููุงุช ุงููุดุทุฉ: 346
[2025-10-15 22:47:50] ๐ ุงูุงุชุตุงู ุจุงูุฅูุชุฑูุช: ูุชุงุญ
[2025-10-15 22:48:20] ๐ ูุญุต ุงูุฃุฏุงุก...
[2025-10-15 22:48:20] ๐ ุงูุนูููุงุช ุงููุดุทุฉ: 346
[2025-10-15 22:48:20] ๐ ุงูุงุชุตุงู ุจุงูุฅูุชุฑูุช: ูุชุงุญ
[2025-10-15 22:48:51] ๐ ูุญุต ุงูุฃุฏุงุก...
[2025-10-15 22:48:51] ๐ ุงูุนูููุงุช ุงููุดุทุฉ: 346
[2025-10-15 22:48:51] ๐ ุงูุงุชุตุงู ุจุงูุฅูุชุฑูุช: ูุชุงุญ
[2025-10-15 22:49:21] ๐ ูุญุต ุงูุฃุฏุงุก...
[2025-10-15 22:49:21] ๐ ุงูุนูููุงุช ุงููุดุทุฉ: 345
[2025-10-15 22:49:21] ๐ ุงูุงุชุตุงู ุจุงูุฅูุชุฑูุช: ูุชุงุญ
[2025-10-15 22:49:51] ๐ ูุญุต ุงูุฃุฏุงุก...
[2025-10-15 22:49:51] ๐ ุงูุนูููุงุช ุงููุดุทุฉ: 346
[2025-10-15 22:49:51] ๐ ุงูุงุชุตุงู ุจุงูุฅูุชุฑูุช: ูุชุงุญ
[2025-10-15 22:50:22] ๐ ูุญุต ุงูุฃุฏุงุก...
[2025-10-15 22:50:22] ๐ ุงูุนูููุงุช ุงููุดุทุฉ: 348
[2025-10-15 22:50:22] ๐ ุงูุงุชุตุงู ุจุงูุฅูุชุฑูุช: ูุชุงุญ
[2025-10-15 22:50:52] ๐ ูุญุต ุงูุฃุฏุงุก...
[2025-10-15 22:50:52] ๐ ุงูุนูููุงุช ุงููุดุทุฉ: 349
[2025-10-15 22:50:52] ๐ ุงูุงุชุตุงู ุจุงูุฅูุชุฑูุช: ูุชุงุญ
[2025-10-15 22:51:22] ๐ ูุญุต ุงูุฃุฏุงุก...
[2025-10-15 22:51:22] ๐ ุงูุนูููุงุช ุงููุดุทุฉ: 350
[2025-10-15 22:51:22] ๐ ุงูุงุชุตุงู ุจุงูุฅูุชุฑูุช: ูุชุงุญ
[2025-10-15 22:51:52] ๐ ูุญุต ุงูุฃุฏุงุก...
[2025-10-15 22:51:52] ๐ ุงูุนูููุงุช ุงููุดุทุฉ: 350
[2025-10-15 22:51:52] ๐ ุงูุงุชุตุงู ุจุงูุฅูุชุฑูุช: ูุชุงุญ
[2025-10-15 22:52:22] ๐ ูุญุต ุงูุฃุฏุงุก...
[2025-10-15 22:52:22] ๐ ุงูุนูููุงุช ุงููุดุทุฉ: 348
[2025-10-15 22:52:22] ๐ ุงูุงุชุตุงู ุจุงูุฅูุชุฑูุช: ูุชุงุญ
[2025-10-15 22:52:53] ๐ ูุญุต ุงูุฃุฏุงุก...
[2025-10-15 22:52:53] ๐ ุงูุนูููุงุช ุงููุดุทุฉ: 351
[2025-10-15 22:52:53] ๐ ุงูุงุชุตุงู ุจุงูุฅูุชุฑูุช: ูุชุงุญ
[2025-10-15 22:53:23] ๐ ูุญุต ุงูุฃุฏุงุก...
[2025-10-15 22:53:23] ๐ ุงูุนูููุงุช ุงููุดุทุฉ: 352
[2025-10-15 22:53:23] ๐ ุงูุงุชุตุงู ุจุงูุฅูุชุฑูุช: ูุชุงุญ
[2025-10-15 22:53:53] ๐ ูุญุต ุงูุฃุฏุงุก...
[2025-10-15 22:53:53] ๐ ุงูุนูููุงุช ุงููุดุทุฉ: 352
[2025-10-15 22:53:53] ๐ ุงูุงุชุตุงู ุจุงูุฅูุชุฑูุช: ูุชุงุญ
[2025-10-15 22:54:23] ๐ ูุญุต ุงูุฃุฏุงุก...
[2025-10-15 22:54:23] ๐ ุงูุนูููุงุช ุงููุดุทุฉ: 352
[2025-10-15 22:54:23] ๐ ุงูุงุชุตุงู ุจุงูุฅูุชุฑูุช: ูุชุงุญ
[2025-10-15 22:54:54] ๐ ูุญุต ุงูุฃุฏุงุก...
[2025-10-15 22:54:54] ๐ ุงูุนูููุงุช ุงููุดุทุฉ: 352
[2025-10-15 22:54:54] ๐ ุงูุงุชุตุงู ุจุงูุฅูุชุฑูุช: ูุชุงุญ
[2025-10-15 22:55:24] ๐ ูุญุต ุงูุฃุฏุงุก...
[2025-10-15 22:55:24] ๐ ุงูุนูููุงุช ุงููุดุทุฉ: 350
[2025-10-15 22:55:24] ๐ ุงูุงุชุตุงู ุจุงูุฅูุชุฑูุช: ูุชุงุญ
[2025-10-15 22:55:54] ๐ ูุญุต ุงูุฃุฏุงุก...
[2025-10-15 22:55:54] ๐ ุงูุนูููุงุช ุงููุดุทุฉ: 349
[2025-10-15 22:55:54] ๐ ุงูุงุชุตุงู ุจุงูุฅูุชุฑูุช: ูุชุงุญ
[2025-10-15 22:56:24] ๐ ูุญุต ุงูุฃุฏุงุก...
[2025-10-15 22:56:24] ๐ ุงูุนูููุงุช ุงููุดุทุฉ: 348
[2025-10-15 22:56:24] ๐ ุงูุงุชุตุงู ุจุงูุฅูุชุฑูุช: ูุชุงุญ
[2025-10-15 22:56:55] ๐ ูุญุต ุงูุฃุฏุงุก...
[2025-10-15 22:56:55] ๐ ุงูุนูููุงุช ุงููุดุทุฉ: 348
[2025-10-15 22:56:55] ๐ ุงูุงุชุตุงู ุจุงูุฅูุชุฑูุช: ูุชุงุญ
[2025-10-15 22:57:25] ๐ ูุญุต ุงูุฃุฏุงุก...
[2025-10-15 22:57:25] ๐ ุงูุนูููุงุช ุงููุดุทุฉ: 348
[2025-10-15 22:57:25] ๐ ุงูุงุชุตุงู ุจุงูุฅูุชุฑูุช: ูุชุงุญ
[2025-10-15 22:57:55] ๐ ูุญุต ุงูุฃุฏุงุก...
[2025-10-15 22:57:55] ๐ ุงูุนูููุงุช ุงููุดุทุฉ: 348
[2025-10-15 22:57:55] ๐ ุงูุงุชุตุงู ุจุงูุฅูุชุฑูุช: ูุชุงุญ
[2025-10-15 22:58:25] ๐ ูุญุต ุงูุฃุฏุงุก...
[2025-10-15 22:58:25] ๐ ุงูุนูููุงุช ุงููุดุทุฉ: 347
[2025-10-15 22:58:25] ๐ ุงูุงุชุตุงู ุจุงูุฅูุชุฑูุช: ูุชุงุญ
[2025-10-15 22:58:56] ๐ ูุญุต ุงูุฃุฏุงุก...
[2025-10-15 22:58:56] ๐ ุงูุนูููุงุช ุงููุดุทุฉ: 348
[2025-10-15 22:58:56] ๐ ุงูุงุชุตุงู ุจุงูุฅูุชุฑูุช: ูุชุงุญ
[2025-10-15 22:59:26] ๐ ูุญุต ุงูุฃุฏุงุก...
[2025-10-15 22:59:26] ๐ ุงูุนูููุงุช ุงููุดุทุฉ: 348
[2025-10-15 22:59:26] ๐ ุงูุงุชุตุงู ุจุงูุฅูุชุฑูุช: ูุชุงุญ
[2025-10-15 22:59:56] ๐ ูุญุต ุงูุฃุฏุงุก...
[2025-10-15 22:59:56] ๐ ุงูุนูููุงุช ุงููุดุทุฉ: 345
[2025-10-15 22:59:56] ๐ ุงูุงุชุตุงู ุจุงูุฅูุชุฑูุช: ูุชุงุญ
[2025-10-15 23:00:26] ๐ ูุญุต ุงูุฃุฏุงุก...
[2025-10-15 23:00:26] ๐ ุงูุนูููุงุช ุงููุดุทุฉ: 350
[2025-10-15 23:00:26] ๐ ุงูุงุชุตุงู ุจุงูุฅูุชุฑูุช: ูุชุงุญ
[2025-10-15 23:00:57] ๐ ูุญุต ุงูุฃุฏุงุก...
[2025-10-15 23:00:57] ๐ ุงูุนูููุงุช ุงููุดุทุฉ: 353
[2025-10-15 23:00:57] ๐ ุงูุงุชุตุงู ุจุงูุฅูุชุฑูุช: ูุชุงุญ
[2025-10-15 23:01:27] ๐ ูุญุต ุงูุฃุฏุงุก...
[2025-10-15 23:01:27] ๐ ุงูุนูููุงุช ุงููุดุทุฉ: 354
[2025-10-15 23:01:27] ๐ ุงูุงุชุตุงู ุจุงูุฅูุชุฑูุช: ูุชุงุญ
[2025-10-15 23:01:57] ๐ ูุญุต ุงูุฃุฏุงุก...
[2025-10-15 23:01:57] ๐ ุงูุนูููุงุช ุงููุดุทุฉ: 348
[2025-10-15 23:01:57] ๐ ุงูุงุชุตุงู ุจุงูุฅูุชุฑูุช: ูุชุงุญ
[2025-10-15 23:02:28] ๐ ูุญุต ุงูุฃุฏุงุก...
[2025-10-15 23:02:28] ๐ ุงูุนูููุงุช ุงููุดุทุฉ: 351
[2025-10-15 23:02:28] ๐ ุงูุงุชุตุงู ุจุงูุฅูุชุฑูุช: ูุชุงุญ
[2025-10-15 23:02:58] ๐ ูุญุต ุงูุฃุฏุงุก...
[2025-10-15 23:02:58] ๐ ุงูุนูููุงุช ุงููุดุทุฉ: 351
[2025-10-15 23:02:58] ๐ ุงูุงุชุตุงู ุจุงูุฅูุชุฑูุช: ูุชุงุญ
[2025-10-15 23:03:28] ๐ ูุญุต ุงูุฃุฏุงุก...
[2025-10-15 23:03:28] ๐ ุงูุนูููุงุช ุงููุดุทุฉ: 351
[2025-10-15 23:03:28] ๐ ุงูุงุชุตุงู ุจุงูุฅูุชุฑูุช: ูุชุงุญ
[2025-10-15 23:03:58] ๐ ูุญุต ุงูุฃุฏุงุก...
[2025-10-15 23:03:58] ๐ ุงูุนูููุงุช ุงููุดุทุฉ: 349
[2025-10-15 23:03:58] ๐ ุงูุงุชุตุงู ุจุงูุฅูุชุฑูุช: ูุชุงุญ
[2025-10-15 23:04:29] ๐ ูุญุต ุงูุฃุฏุงุก...
[2025-10-15 23:04:29] ๐ ุงูุนูููุงุช ุงููุดุทุฉ: 347
[2025-10-15 23:04:29] ๐ ุงูุงุชุตุงู ุจุงูุฅูุชุฑูุช: ูุชุงุญ
[2025-10-15 23:04:59] ๐ ูุญุต ุงูุฃุฏุงุก...
[2025-10-15 23:04:59] ๐ ุงูุนูููุงุช ุงููุดุทุฉ: 349
[2025-10-15 23:04:59] ๐ ุงูุงุชุตุงู ุจุงูุฅูุชุฑูุช: ูุชุงุญ
[2025-10-15 23:05:29] ๐ ูุญุต ุงูุฃุฏุงุก...
[2025-10-15 23:05:29] ๐ ุงูุนูููุงุช ุงููุดุทุฉ: 347
[2025-10-15 23:05:29] ๐ ุงูุงุชุตุงู ุจุงูุฅูุชุฑูุช: ูุชุงุญ
[2025-10-15 23:05:59] ๐ ูุญุต ุงูุฃุฏุงุก...
[2025-10-15 23:05:59] ๐ ุงูุนูููุงุช ุงููุดุทุฉ: 347
[2025-10-15 23:05:59] ๐ ุงูุงุชุตุงู ุจุงูุฅูุชุฑูุช: ูุชุงุญ
[2025-10-15 23:06:29] ๐ ูุญุต ุงูุฃุฏุงุก...
[2025-10-15 23:06:29] ๐ ุงูุนูููุงุช ุงููุดุทุฉ: 349
[2025-10-15 23:06:29] ๐ ุงูุงุชุตุงู ุจุงูุฅูุชุฑูุช: ูุชุงุญ
[2025-10-15 23:07:00] ๐ ูุญุต ุงูุฃุฏุงุก...
[2025-10-15 23:07:00] ๐ ุงูุนูููุงุช ุงููุดุทุฉ: 349
[2025-10-15 23:07:00] ๐ ุงูุงุชุตุงู ุจุงูุฅูุชุฑูุช: ูุชุงุญ
[2025-10-15 23:07:30] ๐ ูุญุต ุงูุฃุฏุงุก...
[2025-10-15 23:07:30] ๐ ุงูุนูููุงุช ุงููุดุทุฉ: 349
[2025-10-15 23:07:30] ๐ ุงูุงุชุตุงู ุจุงูุฅูุชุฑูุช: ูุชุงุญ
[2025-10-15 23:08:00] ๐ ูุญุต ุงูุฃุฏุงุก...
[2025-10-15 23:08:00] ๐ ุงูุนูููุงุช ุงููุดุทุฉ: 348
[2025-10-15 23:08:00] ๐ ุงูุงุชุตุงู ุจุงูุฅูุชุฑูุช: ูุชุงุญ
[2025-10-15 23:08:30] ๐ ูุญุต ุงูุฃุฏุงุก...
[2025-10-15 23:08:30] ๐ ุงูุนูููุงุช ุงููุดุทุฉ: 349
[2025-10-15 23:08:30] ๐ ุงูุงุชุตุงู ุจุงูุฅูุชุฑูุช: ูุชุงุญ
[2025-10-15 23:09:01] ๐ ูุญุต ุงูุฃุฏุงุก...
[2025-10-15 23:09:01] ๐ ุงูุนูููุงุช ุงููุดุทุฉ: 349
[2025-10-15 23:09:01] ๐ ุงูุงุชุตุงู ุจุงูุฅูุชุฑูุช: ูุชุงุญ
[2025-10-15 23:09:31] ๐ ูุญุต ุงูุฃุฏุงุก...
[2025-10-15 23:09:31] ๐ ุงูุนูููุงุช ุงููุดุทุฉ: 349
[2025-10-15 23:09:31] ๐ ุงูุงุชุตุงู ุจุงูุฅูุชุฑูุช: ูุชุงุญ
[2025-10-15 23:10:01] ๐ ูุญุต ุงูุฃุฏุงุก...
[2025-10-15 23:10:01] ๐ ุงูุนูููุงุช ุงููุดุทุฉ: 346
[2025-10-15 23:10:01] ๐ ุงูุงุชุตุงู ุจุงูุฅูุชุฑูุช: ูุชุงุญ
[2025-10-15 23:10:31] ๐ ูุญุต ุงูุฃุฏุงุก...
[2025-10-15 23:10:31] ๐ ุงูุนูููุงุช ุงููุดุทุฉ: 348
[2025-10-15 23:10:31] ๐ ุงูุงุชุตุงู ุจุงูุฅูุชุฑูุช: ูุชุงุญ
[2025-10-15 23:11:02] ๐ ูุญุต ุงูุฃุฏุงุก...
[2025-10-15 23:11:02] ๐ ุงูุนูููุงุช ุงููุดุทุฉ: 351
[2025-10-15 23:11:02] ๐ ุงูุงุชุตุงู ุจุงูุฅูุชุฑูุช: ูุชุงุญ
[2025-10-15 23:11:32] ๐ ูุญุต ุงูุฃุฏุงุก...
[2025-10-15 23:11:32] ๐ ุงูุนูููุงุช ุงููุดุทุฉ: 348
[2025-10-15 23:11:32] ๐ ุงูุงุชุตุงู ุจุงูุฅูุชุฑูุช: ูุชุงุญ
[2025-10-15 23:12:02] ๐ ูุญุต ุงูุฃุฏุงุก...
[2025-10-15 23:12:02] ๐ ุงูุนูููุงุช ุงููุดุทุฉ: 348
[2025-10-15 23:12:02] ๐ ุงูุงุชุตุงู ุจุงูุฅูุชุฑูุช: ูุชุงุญ
[2025-10-15 23:12:32] ๐ ูุญุต ุงูุฃุฏุงุก...
[2025-10-15 23:12:32] ๐ ุงูุนูููุงุช ุงููุดุทุฉ: 351
[2025-10-15 23:12:32] ๐ ุงูุงุชุตุงู ุจุงูุฅูุชุฑูุช: ูุชุงุญ
[2025-10-15 23:13:02] ๐ ูุญุต ุงูุฃุฏุงุก...
[2025-10-15 23:13:02] ๐ ุงูุนูููุงุช ุงููุดุทุฉ: 350
[2025-10-15 23:13:02] ๐ ุงูุงุชุตุงู ุจุงูุฅูุชุฑูุช: ูุชุงุญ
[2025-10-15 23:13:33] ๐ ูุญุต ุงูุฃุฏุงุก...
[2025-10-15 23:13:33] ๐ ุงูุนูููุงุช ุงููุดุทุฉ: 350
[2025-10-15 23:13:33] ๐ ุงูุงุชุตุงู ุจุงูุฅูุชุฑูุช: ูุชุงุญ
[2025-10-15 23:14:03] ๐ ูุญุต ุงูุฃุฏุงุก...
[2025-10-15 23:14:03] ๐ ุงูุนูููุงุช ุงููุดุทุฉ: 350
[2025-10-15 23:14:03] ๐ ุงูุงุชุตุงู ุจุงูุฅูุชุฑูุช: ูุชุงุญ
[2025-10-15 23:14:33] ๐ ูุญุต ุงูุฃุฏุงุก...
[2025-10-15 23:14:33] ๐ ุงูุนูููุงุช ุงููุดุทุฉ: 350
[2025-10-15 23:14:33] ๐ ุงูุงุชุตุงู ุจุงูุฅูุชุฑูุช: ูุชุงุญ
[2025-10-15 23:15:04] ๐ ูุญุต ุงูุฃุฏุงุก...
[2025-10-15 23:15:04] ๐ ุงูุนูููุงุช ุงููุดุทุฉ: 351
[2025-10-15 23:15:04] ๐ ุงูุงุชุตุงู ุจุงูุฅูุชุฑูุช: ูุชุงุญ
[2025-10-15 23:15:34] ๐ ูุญุต ุงูุฃุฏุงุก...
[2025-10-15 23:15:34] ๐ ุงูุนูููุงุช ุงููุดุทุฉ: 345
[2025-10-15 23:15:34] ๐ ุงูุงุชุตุงู ุจุงูุฅูุชุฑูุช: ูุชุงุญ
[2025-10-15 23:16:04] ๐ ูุญุต ุงูุฃุฏุงุก...
[2025-10-15 23:16:04] ๐ ุงูุนูููุงุช ุงููุดุทุฉ: 353
[2025-10-15 23:16:04] ๐ ุงูุงุชุตุงู ุจุงูุฅูุชุฑูุช: ูุชุงุญ
[2025-10-15 23:16:34] ๐ ูุญุต ุงูุฃุฏุงุก...
[2025-10-15 23:16:34] ๐ ุงูุนูููุงุช ุงููุดุทุฉ: 351
[2025-10-15 23:16:34] ๐ ุงูุงุชุตุงู ุจุงูุฅูุชุฑูุช: ูุชุงุญ
[2025-10-15 23:17:04] ๐ ูุญุต ุงูุฃุฏุงุก...
[2025-10-15 23:17:04] ๐ ุงูุนูููุงุช ุงููุดุทุฉ: 351
[2025-10-15 23:17:04] ๐ ุงูุงุชุตุงู ุจุงูุฅูุชุฑูุช: ูุชุงุญ
[2025-10-15 23:17:35] ๐ ูุญุต ุงูุฃุฏุงุก...
[2025-10-15 23:17:35] ๐ ุงูุนูููุงุช ุงููุดุทุฉ: 351
[2025-10-15 23:17:35] ๐ ุงูุงุชุตุงู ุจุงูุฅูุชุฑูุช: ูุชุงุญ
[2025-10-15 23:18:05] ๐ ูุญุต ุงูุฃุฏุงุก...
[2025-10-15 23:18:05] ๐ ุงูุนูููุงุช ุงููุดุทุฉ: 351
[2025-10-15 23:18:05] ๐ ุงูุงุชุตุงู ุจุงูุฅูุชุฑูุช: ูุชุงุญ
[2025-10-15 23:18:35] ๐ ูุญุต ุงูุฃุฏุงุก...
[2025-10-15 23:18:35] ๐ ุงูุนูููุงุช ุงููุดุทุฉ: 357
[2025-10-15 23:18:35] ๐ ุงูุงุชุตุงู ุจุงูุฅูุชุฑูุช: ูุชุงุญ
[2025-10-15 23:19:08] ๐ ูุญุต ุงูุฃุฏุงุก...
[2025-10-15 23:19:08] ๐ ุงูุนูููุงุช ุงููุดุทุฉ: 355
[2025-10-15 23:19:08] ๐ ุงูุงุชุตุงู ุจุงูุฅูุชุฑูุช: ูุชุงุญ
[2025-10-15 23:19:39] ๐ ูุญุต ุงูุฃุฏุงุก...
[2025-10-15 23:19:39] ๐ ุงูุนูููุงุช ุงููุดุทุฉ: 357
[2025-10-15 23:19:39] ๐ ุงูุงุชุตุงู ุจุงูุฅูุชุฑูุช: ูุชุงุญ
[2025-10-15 23:20:10] ๐ ูุญุต ุงูุฃุฏุงุก...
[2025-10-15 23:20:10] ๐ ุงูุนูููุงุช ุงููุดุทุฉ: 357
[2025-10-15 23:20:10] ๐ ุงูุงุชุตุงู ุจุงูุฅูุชุฑูุช: ูุชุงุญ
[2025-10-15 23:20:40] ๐ ูุญุต ุงูุฃุฏุงุก...
[2025-10-15 23:20:40] ๐ ุงูุนูููุงุช ุงููุดุทุฉ: 358
[2025-10-15 23:20:40] ๐ ุงูุงุชุตุงู ุจุงูุฅูุชุฑูุช: ูุชุงุญ
[2025-10-15 23:21:10] ๐ ูุญุต ุงูุฃุฏุงุก...
[2025-10-15 23:21:10] ๐ ุงูุนูููุงุช ุงููุดุทุฉ: 358
[2025-10-15 23:21:10] ๐ ุงูุงุชุตุงู ุจุงูุฅูุชุฑูุช: ูุชุงุญ
[2025-10-15 23:21:41] ๐ ูุญุต ุงูุฃุฏุงุก...
[2025-10-15 23:21:41] ๐ ุงูุนูููุงุช ุงููุดุทุฉ: 356
[2025-10-15 23:21:41] ๐ ุงูุงุชุตุงู ุจุงูุฅูุชุฑูุช: ูุชุงุญ
[2025-10-15 23:22:11] ๐ ูุญุต ุงูุฃุฏุงุก...
[2025-10-15 23:22:11] ๐ ุงูุนูููุงุช ุงููุดุทุฉ: 357
[2025-10-15 23:22:11] ๐ ุงูุงุชุตุงู ุจุงูุฅูุชุฑูุช: ูุชุงุญ
[2025-10-15 23:22:41] ๐ ูุญุต ุงูุฃุฏุงุก...
[2025-10-15 23:22:41] ๐ ุงูุนูููุงุช ุงููุดุทุฉ: 355
[2025-10-15 23:22:41] ๐ ุงูุงุชุตุงู ุจุงูุฅูุชุฑูุช: ูุชุงุญ
[2025-10-15 23:23:11] ๐ ูุญุต ุงูุฃุฏุงุก...
[2025-10-15 23:23:11] ๐ ุงูุนูููุงุช ุงููุดุทุฉ: 357
[2025-10-15 23:23:11] ๐ ุงูุงุชุตุงู ุจุงูุฅูุชุฑูุช: ูุชุงุญ
[2025-10-15 23:23:42] ๐ ูุญุต ุงูุฃุฏุงุก...
[2025-10-15 23:23:42] ๐ ุงูุนูููุงุช ุงููุดุทุฉ: 354
[2025-10-15 23:23:42] ๐ ุงูุงุชุตุงู ุจุงูุฅูุชุฑูุช: ูุชุงุญ
[2025-10-15 23:24:12] ๐ ูุญุต ุงูุฃุฏุงุก...
[2025-10-15 23:24:12] ๐ ุงูุนูููุงุช ุงููุดุทุฉ: 351
[2025-10-15 23:24:12] ๐ ุงูุงุชุตุงู ุจุงูุฅูุชุฑูุช: ูุชุงุญ
[2025-10-15 23:24:42] ๐ ูุญุต ุงูุฃุฏุงุก...
[2025-10-15 23:24:42] ๐ ุงูุนูููุงุช ุงููุดุทุฉ: 351
[2025-10-15 23:24:42] ๐ ุงูุงุชุตุงู ุจุงูุฅูุชุฑูุช: ูุชุงุญ
[2025-10-15 23:25:12] ๐ ูุญุต ุงูุฃุฏุงุก...
[2025-10-15 23:25:12] ๐ ุงูุนูููุงุช ุงููุดุทุฉ: 354
[2025-10-15 23:25:12] ๐ ุงูุงุชุตุงู ุจุงูุฅูุชุฑูุช: ูุชุงุญ
[2025-10-15 23:25:42] ๐ ูุญุต ุงูุฃุฏุงุก...
[2025-10-15 23:25:42] ๐ ุงูุนูููุงุช ุงููุดุทุฉ: 353
[2025-10-15 23:25:42] ๐ ุงูุงุชุตุงู ุจุงูุฅูุชุฑูุช: ูุชุงุญ
[2025-10-15 23:26:13] ๐ ูุญุต ุงูุฃุฏุงุก...
[2025-10-15 23:26:13] ๐ ุงูุนูููุงุช ุงููุดุทุฉ: 351
[2025-10-15 23:26:13] ๐ ุงูุงุชุตุงู ุจุงูุฅูุชุฑูุช: ูุชุงุญ
[2025-10-15 23:26:43] ๐ ูุญุต ุงูุฃุฏุงุก...
[2025-10-15 23:26:43] ๐ ุงูุนูููุงุช ุงููุดุทุฉ: 351
[2025-10-15 23:26:43] ๐ ุงูุงุชุตุงู ุจุงูุฅูุชุฑูุช: ูุชุงุญ
[2025-10-15 23:27:13] ๐ ูุญุต ุงูุฃุฏุงุก...
[2025-10-15 23:27:13] ๐ ุงูุนูููุงุช ุงููุดุทุฉ: 351
[2025-10-15 23:27:13] ๐ ุงูุงุชุตุงู ุจุงูุฅูุชุฑูุช: ูุชุงุญ
[2025-10-15 23:27:43] ๐ ูุญุต ุงูุฃุฏุงุก...
[2025-10-15 23:27:43] ๐ ุงูุนูููุงุช ุงููุดุทุฉ: 351
[2025-10-15 23:27:43] ๐ ุงูุงุชุตุงู ุจุงูุฅูุชุฑูุช: ูุชุงุญ
[2025-10-15 23:28:14] ๐ ูุญุต ุงูุฃุฏุงุก...
[2025-10-15 23:28:14] ๐ ุงูุนูููุงุช ุงููุดุทุฉ: 357
[2025-10-15 23:28:14] ๐ ุงูุงุชุตุงู ุจุงูุฅูุชุฑูุช: ูุชุงุญ
[2025-10-15 23:28:44] ๐ ูุญุต ุงูุฃุฏุงุก...
[2025-10-15 23:28:44] ๐ ุงูุนูููุงุช ุงููุดุทุฉ: 356
[2025-10-15 23:28:44] โ ุงูุงุชุตุงู ุจุงูุฅูุชุฑูุช: ุบูุฑ ูุชุงุญ
[2025-10-15 23:29:24] ๐ ูุญุต ุงูุฃุฏุงุก...
[2025-10-15 23:29:24] ๐ ุงูุนูููุงุช ุงููุดุทุฉ: 351
[2025-10-15 23:29:24] ๐ ุงูุงุชุตุงู ุจุงูุฅูุชุฑูุช: ูุชุงุญ
[2025-10-15 23:29:55] ๐ ูุญุต ุงูุฃุฏุงุก...
[2025-10-15 23:29:55] ๐ ุงูุนูููุงุช ุงููุดุทุฉ: 352
[2025-10-15 23:29:55] ๐ ุงูุงุชุตุงู ุจุงูุฅูุชุฑูุช: ูุชุงุญ
[2025-10-15 23:30:26] ๐ ูุญุต ุงูุฃุฏุงุก...
[2025-10-15 23:30:26] ๐ ุงูุนูููุงุช ุงููุดุทุฉ: 354
[2025-10-15 23:30:26] ๐ ุงูุงุชุตุงู ุจุงูุฅูุชุฑูุช: ูุชุงุญ
[2025-10-15 23:30:56] ๐ ูุญุต ุงูุฃุฏุงุก...
[2025-10-15 23:30:56] ๐ ุงูุนูููุงุช ุงููุดุทุฉ: 354
[2025-10-15 23:30:56] ๐ ุงูุงุชุตุงู ุจุงูุฅูุชุฑูุช: ูุชุงุญ
[2025-10-15 23:31:26] ๐ ูุญุต ุงูุฃุฏุงุก...
[2025-10-15 23:31:26] ๐ ุงูุนูููุงุช ุงููุดุทุฉ: 355
[2025-10-15 23:31:26] ๐ ุงูุงุชุตุงู ุจุงูุฅูุชุฑูุช: ูุชุงุญ
[2025-10-15 23:31:57] ๐ ูุญุต ุงูุฃุฏุงุก...
[2025-10-15 23:31:57] ๐ ุงูุนูููุงุช ุงููุดุทุฉ: 364
[2025-10-15 23:31:57] ๐ ุงูุงุชุตุงู ุจุงูุฅูุชุฑูุช: ูุชุงุญ
[2025-10-15 23:32:27] ๐ ูุญุต ุงูุฃุฏุงุก...
[2025-10-15 23:32:27] ๐ ุงูุนูููุงุช ุงููุดุทุฉ: 365
[2025-10-15 23:32:27] ๐ ุงูุงุชุตุงู ุจุงูุฅูุชุฑูุช: ูุชุงุญ
[2025-10-15 23:32:57] ๐ ูุญุต ุงูุฃุฏุงุก...
[2025-10-15 23:32:57] ๐ ุงูุนูููุงุช ุงููุดุทุฉ: 363
[2025-10-15 23:32:57] ๐ ุงูุงุชุตุงู ุจุงูุฅูุชุฑูุช: ูุชุงุญ
[2025-10-15 23:33:27] ๐ ูุญุต ุงูุฃุฏุงุก...
[2025-10-15 23:33:27] ๐ ุงูุนูููุงุช ุงููุดุทุฉ: 352
[2025-10-15 23:33:27] ๐ ุงูุงุชุตุงู ุจุงูุฅูุชุฑูุช: ูุชุงุญ
[2025-10-15 23:33:58] ๐ ูุญุต ุงูุฃุฏุงุก...
[2025-10-15 23:33:58] ๐ ุงูุนูููุงุช ุงููุดุทุฉ: 352
[2025-10-15 23:33:58] ๐ ุงูุงุชุตุงู ุจุงูุฅูุชุฑูุช: ูุชุงุญ
[2025-10-15 23:34:28] ๐ ูุญุต ุงูุฃุฏุงุก...
[2025-10-15 23:34:28] ๐ ุงูุนูููุงุช ุงููุดุทุฉ: 352
[2025-10-15 23:34:28] ๐ ุงูุงุชุตุงู ุจุงูุฅูุชุฑูุช: ูุชุงุญ
[2025-10-15 23:34:58] ๐ ูุญุต ุงูุฃุฏุงุก...
[2025-10-15 23:34:58] ๐ ุงูุนูููุงุช ุงููุดุทุฉ: 352
[2025-10-15 23:34:58] ๐ ุงูุงุชุตุงู ุจุงูุฅูุชุฑูุช: ูุชุงุญ
[2025-10-15 23:35:29] ๐ ูุญุต ุงูุฃุฏุงุก...
[2025-10-15 23:35:29] ๐ ุงูุนูููุงุช ุงููุดุทุฉ: 351
[2025-10-15 23:35:29] ๐ ุงูุงุชุตุงู ุจุงูุฅูุชุฑูุช: ูุชุงุญ
[2025-10-15 23:35:59] ๐ ูุญุต ุงูุฃุฏุงุก...
[2025-10-15 23:35:59] ๐ ุงูุนูููุงุช ุงููุดุทุฉ: 351
[2025-10-15 23:35:59] ๐ ุงูุงุชุตุงู ุจุงูุฅูุชุฑูุช: ูุชุงุญ
[2025-10-15 23:36:29] ๐ ูุญุต ุงูุฃุฏุงุก...
[2025-10-15 23:36:29] ๐ ุงูุนูููุงุช ุงููุดุทุฉ: 350
[2025-10-15 23:36:29] ๐ ุงูุงุชุตุงู ุจุงูุฅูุชุฑูุช: ูุชุงุญ
[2025-10-15 23:36:59] ๐ ูุญุต ุงูุฃุฏุงุก...
[2025-10-15 23:36:59] ๐ ุงูุนูููุงุช ุงููุดุทุฉ: 349
[2025-10-15 23:36:59] ๐ ุงูุงุชุตุงู ุจุงูุฅูุชุฑูุช: ูุชุงุญ
[2025-10-15 23:37:29] ๐ ูุญุต ุงูุฃุฏุงุก...
[2025-10-15 23:37:29] ๐ ุงูุนูููุงุช ุงููุดุทุฉ: 349
[2025-10-15 23:37:29] ๐ ุงูุงุชุตุงู ุจุงูุฅูุชุฑูุช: ูุชุงุญ
[2025-10-15 23:37:59] ๐ ูุญุต ุงูุฃุฏุงุก...
[2025-10-15 23:37:59] ๐ ุงูุนูููุงุช ุงููุดุทุฉ: 348
[2025-10-15 23:37:59] ๐ ุงูุงุชุตุงู ุจุงูุฅูุชุฑูุช: ูุชุงุญ
[2025-10-15 23:38:30] ๐ ูุญุต ุงูุฃุฏุงุก...
[2025-10-15 23:38:30] ๐ ุงูุนูููุงุช ุงููุดุทุฉ: 349
[2025-10-15 23:38:30] ๐ ุงูุงุชุตุงู ุจุงูุฅูุชุฑูุช: ูุชุงุญ
[2025-10-15 23:39:00] ๐ ูุญุต ุงูุฃุฏุงุก...
[2025-10-15 23:39:00] ๐ ุงูุนูููุงุช ุงููุดุทุฉ: 349
[2025-10-15 23:39:00] ๐ ุงูุงุชุตุงู ุจุงูุฅูุชุฑูุช: ูุชุงุญ
[2025-10-15 23:39:30] ๐ ูุญุต ุงูุฃุฏุงุก...
[2025-10-15 23:39:30] ๐ ุงูุนูููุงุช ุงููุดุทุฉ: 349
[2025-10-15 23:39:30] ๐ ุงูุงุชุตุงู ุจุงูุฅูุชุฑูุช: ูุชุงุญ
[2025-10-15 23:40:00] ๐ ูุญุต ุงูุฃุฏุงุก...
[2025-10-15 23:40:00] ๐ ุงูุนูููุงุช ุงููุดุทุฉ: 350
[2025-10-15 23:40:00] ๐ ุงูุงุชุตุงู ุจุงูุฅูุชุฑูุช: ูุชุงุญ
[2025-10-15 23:40:30] ๐ ูุญุต ุงูุฃุฏุงุก...
[2025-10-15 23:40:30] ๐ ุงูุนูููุงุช ุงููุดุทุฉ: 351
[2025-10-15 23:40:30] ๐ ุงูุงุชุตุงู ุจุงูุฅูุชุฑูุช: ูุชุงุญ
[2025-10-15 23:41:01] ๐ ูุญุต ุงูุฃุฏุงุก...
[2025-10-15 23:41:01] ๐ ุงูุนูููุงุช ุงููุดุทุฉ: 350
[2025-10-15 23:41:01] โ ุงูุงุชุตุงู ุจุงูุฅูุชุฑูุช: ุบูุฑ ูุชุงุญ
[2025-10-15 23:41:41] ๐ ูุญุต ุงูุฃุฏุงุก...
[2025-10-15 23:41:41] ๐ ุงูุนูููุงุช ุงููุดุทุฉ: 350
[2025-10-15 23:41:41] ๐ ุงูุงุชุตุงู ุจุงูุฅูุชุฑูุช: ูุชุงุญ
[2025-10-15 23:42:11] ๐ ูุญุต ุงูุฃุฏุงุก...
[2025-10-15 23:42:11] ๐ ุงูุนูููุงุช ุงููุดุทุฉ: 350
[2025-10-15 23:42:11] ๐ ุงูุงุชุตุงู ุจุงูุฅูุชุฑูุช: ูุชุงุญ
[2025-10-15 23:42:41] ๐ ูุญุต ุงูุฃุฏุงุก...
[2025-10-15 23:42:41] ๐ ุงูุนูููุงุช ุงููุดุทุฉ: 350
[2025-10-15 23:42:41] ๐ ุงูุงุชุตุงู ุจุงูุฅูุชุฑูุช: ูุชุงุญ
[2025-10-15 23:43:11] ๐ ูุญุต ุงูุฃุฏุงุก...
[2025-10-15 23:43:11] ๐ ุงูุนูููุงุช ุงููุดุทุฉ: 350
[2025-10-15 23:43:11] ๐ ุงูุงุชุตุงู ุจุงูุฅูุชุฑูุช: ูุชุงุญ
[2025-10-15 23:43:42] ๐ ูุญุต ุงูุฃุฏุงุก...
[2025-10-15 23:43:42] ๐ ุงูุนูููุงุช ุงููุดุทุฉ: 349
[2025-10-15 23:43:42] ๐ ุงูุงุชุตุงู ุจุงูุฅูุชุฑูุช: ูุชุงุญ
[2025-10-15 23:44:12] ๐ ูุญุต ุงูุฃุฏุงุก...
[2025-10-15 23:44:12] ๐ ุงูุนูููุงุช ุงููุดุทุฉ: 349
[2025-10-15 23:44:12] ๐ ุงูุงุชุตุงู ุจุงูุฅูุชุฑูุช: ูุชุงุญ
[2025-10-15 23:44:42] ๐ ูุญุต ุงูุฃุฏุงุก...
[2025-10-15 23:44:42] ๐ ุงูุนูููุงุช ุงููุดุทุฉ: 350
[2025-10-15 23:44:42] ๐ ุงูุงุชุตุงู ุจุงูุฅูุชุฑูุช: ูุชุงุญ
[2025-10-15 23:45:12] ๐ ูุญุต ุงูุฃุฏุงุก...
[2025-10-15 23:45:12] ๐ ุงูุนูููุงุช ุงููุดุทุฉ: 347
[2025-10-15 23:45:12] ๐ ุงูุงุชุตุงู ุจุงูุฅูุชุฑูุช: ูุชุงุญ
[2025-10-15 23:45:43] ๐ ูุญุต ุงูุฃุฏุงุก...
[2025-10-15 23:45:43] ๐ ุงูุนูููุงุช ุงููุดุทุฉ: 349
[2025-10-15 23:45:43] ๐ ุงูุงุชุตุงู ุจุงูุฅูุชุฑูุช: ูุชุงุญ
[2025-10-15 23:46:13] ๐ ูุญุต ุงูุฃุฏุงุก...
[2025-10-15 23:46:13] ๐ ุงูุนูููุงุช ุงููุดุทุฉ: 350
[2025-10-15 23:46:13] ๐ ุงูุงุชุตุงู ุจุงูุฅูุชุฑูุช: ูุชุงุญ
[2025-10-15 23:46:43] ๐ ูุญุต ุงูุฃุฏุงุก...
[2025-10-15 23:46:43] ๐ ุงูุนูููุงุช ุงููุดุทุฉ: 349
[2025-10-15 23:46:43] ๐ ุงูุงุชุตุงู ุจุงูุฅูุชุฑูุช: ูุชุงุญ
[2025-10-15 23:47:13] ๐ ูุญุต ุงูุฃุฏุงุก...
[2025-10-15 23:47:13] ๐ ุงูุนูููุงุช ุงููุดุทุฉ: 350
[2025-10-15 23:47:13] ๐ ุงูุงุชุตุงู ุจุงูุฅูุชุฑูุช: ูุชุงุญ
[2025-10-15 23:47:44] ๐ ูุญุต ุงูุฃุฏุงุก...
[2025-10-15 23:47:44] ๐ ุงูุนูููุงุช ุงููุดุทุฉ: 350
[2025-10-15 23:47:44] ๐ ุงูุงุชุตุงู ุจุงูุฅูุชุฑูุช: ูุชุงุญ
[2025-10-15 23:48:14] ๐ ูุญุต ุงูุฃุฏุงุก...
[2025-10-15 23:48:14] ๐ ุงูุนูููุงุช ุงููุดุทุฉ: 350
[2025-10-15 23:48:14] ๐ ุงูุงุชุตุงู ุจุงูุฅูุชุฑูุช: ูุชุงุญ
[2025-10-15 23:48:44] ๐ ูุญุต ุงูุฃุฏุงุก...
[2025-10-15 23:48:44] ๐ ุงูุนูููุงุช ุงููุดุทุฉ: 350
[2025-10-15 23:48:44] ๐ ุงูุงุชุตุงู ุจุงูุฅูุชุฑูุช: ูุชุงุญ
[2025-10-15 23:49:15] ๐ ูุญุต ุงูุฃุฏุงุก...
[2025-10-15 23:49:15] ๐ ุงูุนูููุงุช ุงููุดุทุฉ: 350
[2025-10-15 23:49:15] ๐ ุงูุงุชุตุงู ุจุงูุฅูุชุฑูุช: ูุชุงุญ
[2025-10-15 23:49:45] ๐ ูุญุต ุงูุฃุฏุงุก...
[2025-10-15 23:49:45] ๐ ุงูุนูููุงุช ุงููุดุทุฉ: 350
[2025-10-15 23:49:45] ๐ ุงูุงุชุตุงู ุจุงูุฅูุชุฑูุช: ูุชุงุญ
[2025-10-15 23:50:15] ๐ ูุญุต ุงูุฃุฏุงุก...
[2025-10-15 23:50:15] ๐ ุงูุนูููุงุช ุงููุดุทุฉ: 351
[2025-10-15 23:50:15] ๐ ุงูุงุชุตุงู ุจุงูุฅูุชุฑูุช: ูุชุงุญ
[2025-10-15 23:50:45] ๐ ูุญุต ุงูุฃุฏุงุก...
[2025-10-15 23:50:45] ๐ ุงูุนูููุงุช ุงููุดุทุฉ: 350
[2025-10-15 23:50:45] ๐ ุงูุงุชุตุงู ุจุงูุฅูุชุฑูุช: ูุชุงุญ
[2025-10-15 23:51:15] ๐ ูุญุต ุงูุฃุฏุงุก...
[2025-10-15 23:51:15] ๐ ุงูุนูููุงุช ุงููุดุทุฉ: 350
[2025-10-15 23:51:15] ๐ ุงูุงุชุตุงู ุจุงูุฅูุชุฑูุช: ูุชุงุญ
[2025-10-15 23:51:46] ๐ ูุญุต ุงูุฃุฏุงุก...
[2025-10-15 23:51:46] ๐ ุงูุนูููุงุช ุงููุดุทุฉ: 349
[2025-10-15 23:51:46] ๐ ุงูุงุชุตุงู ุจุงูุฅูุชุฑูุช: ูุชุงุญ
[2025-10-15 23:52:16] ๐ ูุญุต ุงูุฃุฏุงุก...
[2025-10-15 23:52:16] ๐ ุงูุนูููุงุช ุงููุดุทุฉ: 348
[2025-10-15 23:52:16] ๐ ุงูุงุชุตุงู ุจุงูุฅูุชุฑูุช: ูุชุงุญ
[2025-10-15 23:52:46] ๐ ูุญุต ุงูุฃุฏุงุก...
[2025-10-15 23:52:46] ๐ ุงูุนูููุงุช ุงููุดุทุฉ: 347
[2025-10-15 23:52:46] ๐ ุงูุงุชุตุงู ุจุงูุฅูุชุฑูุช: ูุชุงุญ
[2025-10-15 23:53:16] ๐ ูุญุต ุงูุฃุฏุงุก...
[2025-10-15 23:53:16] ๐ ุงูุนูููุงุช ุงููุดุทุฉ: 347
[2025-10-15 23:53:16] ๐ ุงูุงุชุตุงู ุจุงูุฅูุชุฑูุช: ูุชุงุญ
[2025-10-15 23:53:47] ๐ ูุญุต ุงูุฃุฏุงุก...
[2025-10-15 23:53:47] ๐ ุงูุนูููุงุช ุงููุดุทุฉ: 347
[2025-10-15 23:53:47] ๐ ุงูุงุชุตุงู ุจุงูุฅูุชุฑูุช: ูุชุงุญ
[2025-10-15 23:54:17] ๐ ูุญุต ุงูุฃุฏุงุก...
[2025-10-15 23:54:17] ๐ ุงูุนูููุงุช ุงููุดุทุฉ: 348
[2025-10-15 23:54:17] ๐ ุงูุงุชุตุงู ุจุงูุฅูุชุฑูุช: ูุชุงุญ
[2025-10-15 23:54:47] ๐ ูุญุต ุงูุฃุฏุงุก...
[2025-10-15 23:54:47] ๐ ุงูุนูููุงุช ุงููุดุทุฉ: 348
[2025-10-15 23:54:47] ๐ ุงูุงุชุตุงู ุจุงูุฅูุชุฑูุช: ูุชุงุญ
[2025-10-15 23:55:17] ๐ ูุญุต ุงูุฃุฏุงุก...
[2025-10-15 23:55:17] ๐ ุงูุนูููุงุช ุงููุดุทุฉ: 348
[2025-10-15 23:55:17] ๐ ุงูุงุชุตุงู ุจุงูุฅูุชุฑูุช: ูุชุงุญ
[2025-10-15 23:55:48] ๐ ูุญุต ุงูุฃุฏุงุก...
[2025-10-15 23:55:48] ๐ ุงูุนูููุงุช ุงููุดุทุฉ: 346
[2025-10-15 23:55:48] โ ุงูุงุชุตุงู ุจุงูุฅูุชุฑูุช: ุบูุฑ ูุชุงุญ
[2025-10-15 23:56:28] ๐ ูุญุต ุงูุฃุฏุงุก...
[2025-10-15 23:56:28] ๐ ุงูุนูููุงุช ุงููุดุทุฉ: 346
[2025-10-15 23:56:28] ๐ ุงูุงุชุตุงู ุจุงูุฅูุชุฑูุช: ูุชุงุญ
[2025-10-15 23:56:58] ๐ ูุญุต ุงูุฃุฏุงุก...
[2025-10-15 23:56:58] ๐ ุงูุนูููุงุช ุงููุดุทุฉ: 346
[2025-10-15 23:56:58] ๐ ุงูุงุชุตุงู ุจุงูุฅูุชุฑูุช: ูุชุงุญ
[2025-10-15 23:57:28] ๐ ูุญุต ุงูุฃุฏุงุก...
[2025-10-15 23:57:28] ๐ ุงูุนูููุงุช ุงููุดุทุฉ: 346
[2025-10-15 23:57:28] ๐ ุงูุงุชุตุงู ุจุงูุฅูุชุฑูุช: ูุชุงุญ
[2025-10-15 23:57:58] ๐ ูุญุต ุงูุฃุฏุงุก...
[2025-10-15 23:57:58] ๐ ุงูุนูููุงุช ุงููุดุทุฉ: 346
[2025-10-15 23:57:58] ๐ ุงูุงุชุตุงู ุจุงูุฅูุชุฑูุช: ูุชุงุญ
[2025-10-15 23:58:29] ๐ ูุญุต ุงูุฃุฏุงุก...
[2025-10-15 23:58:29] ๐ ุงูุนูููุงุช ุงููุดุทุฉ: 346
[2025-10-15 23:58:29] ๐ ุงูุงุชุตุงู ุจุงูุฅูุชุฑูุช: ูุชุงุญ
[2025-10-15 23:58:59] ๐ ูุญุต ุงูุฃุฏุงุก...
[2025-10-15 23:58:59] ๐ ุงูุนูููุงุช ุงููุดุทุฉ: 347
[2025-10-15 23:58:59] ๐ ุงูุงุชุตุงู ุจุงูุฅูุชุฑูุช: ูุชุงุญ
[2025-10-15 23:59:29] ๐ ูุญุต ุงูุฃุฏุงุก...
[2025-10-15 23:59:29] ๐ ุงูุนูููุงุช ุงููุดุทุฉ: 347
[2025-10-15 23:59:29] ๐ ุงูุงุชุตุงู ุจุงูุฅูุชุฑูุช: ูุชุงุญ
[2025-10-16 00:00:00] ๐ ูุญุต ุงูุฃุฏุงุก...
[2025-10-16 00:00:00] ๐ ุงูุนูููุงุช ุงููุดุทุฉ: 347
[2025-10-16 00:00:00] ๐ ุงูุงุชุตุงู ุจุงูุฅูุชุฑูุช: ูุชุงุญ
[2025-10-16 00:00:30] ๐ ูุญุต ุงูุฃุฏุงุก...
[2025-10-16 00:00:30] ๐ ุงูุนูููุงุช ุงููุดุทุฉ: 350
[2025-10-16 00:00:30] ๐ ุงูุงุชุตุงู ุจุงูุฅูุชุฑูุช: ูุชุงุญ
[2025-10-16 00:01:00] ๐ ูุญุต ุงูุฃุฏุงุก...
[2025-10-16 00:01:00] ๐ ุงูุนูููุงุช ุงููุดุทุฉ: 350
[2025-10-16 00:01:00] ๐ ุงูุงุชุตุงู ุจุงูุฅูุชุฑูุช: ูุชุงุญ
[2025-10-16 00:01:30] ๐ ูุญุต ุงูุฃุฏุงุก...
[2025-10-16 00:01:30] ๐ ุงูุนูููุงุช ุงููุดุทุฉ: 350
[2025-10-16 00:01:30] ๐ ุงูุงุชุตุงู ุจุงูุฅูุชุฑูุช: ูุชุงุญ
[2025-10-16 00:02:00] ๐ ูุญุต ุงูุฃุฏุงุก...
[2025-10-16 00:02:00] ๐ ุงูุนูููุงุช ุงููุดุทุฉ: 351
[2025-10-16 00:02:00] ๐ ุงูุงุชุตุงู ุจุงูุฅูุชุฑูุช: ูุชุงุญ
[2025-10-16 00:02:31] ๐ ูุญุต ุงูุฃุฏุงุก...
[2025-10-16 00:02:31] ๐ ุงูุนูููุงุช ุงููุดุทุฉ: 351
[2025-10-16 00:02:31] ๐ ุงูุงุชุตุงู ุจุงูุฅูุชุฑูุช: ูุชุงุญ
[2025-10-16 00:03:01] ๐ ูุญุต ุงูุฃุฏุงุก...
[2025-10-16 00:03:01] ๐ ุงูุนูููุงุช ุงููุดุทุฉ: 351
[2025-10-16 00:03:01] ๐ ุงูุงุชุตุงู ุจุงูุฅูุชุฑูุช: ูุชุงุญ
[2025-10-16 00:03:31] ๐ ูุญุต ุงูุฃุฏุงุก...
[2025-10-16 00:03:31] ๐ ุงูุนูููุงุช ุงููุดุทุฉ: 351
[2025-10-16 00:03:31] ๐ ุงูุงุชุตุงู ุจุงูุฅูุชุฑูุช: ูุชุงุญ
[2025-10-16 00:04:02] ๐ ูุญุต ุงูุฃุฏุงุก...
[2025-10-16 00:04:02] ๐ ุงูุนูููุงุช ุงููุดุทุฉ: 351
[2025-10-16 00:04:02] ๐ ุงูุงุชุตุงู ุจุงูุฅูุชุฑูุช: ูุชุงุญ
[2025-10-16 00:04:32] ๐ ูุญุต ุงูุฃุฏุงุก...
[2025-10-16 00:04:32] ๐ ุงูุนูููุงุช ุงููุดุทุฉ: 350
[2025-10-16 00:04:32] ๐ ุงูุงุชุตุงู ุจุงูุฅูุชุฑูุช: ูุชุงุญ
[2025-10-16 00:05:02] ๐ ูุญุต ุงูุฃุฏุงุก...
[2025-10-16 00:05:02] ๐ ุงูุนูููุงุช ุงููุดุทุฉ: 349
[2025-10-16 00:05:02] ๐ ุงูุงุชุตุงู ุจุงูุฅูุชุฑูุช: ูุชุงุญ
[2025-10-16 00:05:32] ๐ ูุญุต ุงูุฃุฏุงุก...
[2025-10-16 00:05:32] ๐ ุงูุนูููุงุช ุงููุดุทุฉ: 347
[2025-10-16 00:05:32] ๐ ุงูุงุชุตุงู ุจุงูุฅูุชุฑูุช: ูุชุงุญ
[2025-10-16 00:06:03] ๐ ูุญุต ุงูุฃุฏุงุก...
[2025-10-16 00:06:03] ๐ ุงูุนูููุงุช ุงููุดุทุฉ: 347
[2025-10-16 00:06:03] ๐ ุงูุงุชุตุงู ุจุงูุฅูุชุฑูุช: ูุชุงุญ
[2025-10-16 00:06:33] ๐ ูุญุต ุงูุฃุฏุงุก...
[2025-10-16 00:06:33] ๐ ุงูุนูููุงุช ุงููุดุทุฉ: 347
[2025-10-16 00:06:33] ๐ ุงูุงุชุตุงู ุจุงูุฅูุชุฑูุช: ูุชุงุญ
[2025-10-16 00:07:03] ๐ ูุญุต ุงูุฃุฏุงุก...
[2025-10-16 00:07:03] ๐ ุงูุนูููุงุช ุงููุดุทุฉ: 346
[2025-10-16 00:07:03] ๐ ุงูุงุชุตุงู ุจุงูุฅูุชุฑูุช: ูุชุงุญ
[2025-10-16 00:07:33] ๐ ูุญุต ุงูุฃุฏุงุก...
[2025-10-16 00:07:33] ๐ ุงูุนูููุงุช ุงููุดุทุฉ: 346
[2025-10-16 00:07:33] ๐ ุงูุงุชุตุงู ุจุงูุฅูุชุฑูุช: ูุชุงุญ
[2025-10-16 00:08:04] ๐ ูุญุต ุงูุฃุฏุงุก...
[2025-10-16 00:08:04] ๐ ุงูุนูููุงุช ุงููุดุทุฉ: 350
[2025-10-16 00:08:04] ๐ ุงูุงุชุตุงู ุจุงูุฅูุชุฑูุช: ูุชุงุญ
[2025-10-16 00:08:34] ๐ ูุญุต ุงูุฃุฏุงุก...
[2025-10-16 00:08:34] ๐ ุงูุนูููุงุช ุงููุดุทุฉ: 350
[2025-10-16 00:08:34] ๐ ุงูุงุชุตุงู ุจุงูุฅูุชุฑูุช: ูุชุงุญ
[2025-10-16 00:09:04] ๐ ูุญุต ุงูุฃุฏุงุก...
[2025-10-16 00:09:04] ๐ ุงูุนูููุงุช ุงููุดุทุฉ: 350
[2025-10-16 00:09:04] ๐ ุงูุงุชุตุงู ุจุงูุฅูุชุฑูุช: ูุชุงุญ
[2025-10-16 00:09:34] ๐ ูุญุต ุงูุฃุฏุงุก...
[2025-10-16 00:09:34] ๐ ุงูุนูููุงุช ุงููุดุทุฉ: 351
[2025-10-16 00:09:34] ๐ ุงูุงุชุตุงู ุจุงูุฅูุชุฑูุช: ูุชุงุญ
[2025-10-16 00:10:04] ๐ ูุญุต ุงูุฃุฏุงุก...
[2025-10-16 00:10:04] ๐ ุงูุนูููุงุช ุงููุดุทุฉ: 352
[2025-10-16 00:10:04] ๐ ุงูุงุชุตุงู ุจุงูุฅูุชุฑูุช: ูุชุงุญ
[2025-10-16 00:10:35] ๐ ูุญุต ุงูุฃุฏุงุก...
[2025-10-16 00:10:35] ๐ ุงูุนูููุงุช ุงููุดุทุฉ: 354
[2025-10-16 00:10:35] ๐ ุงูุงุชุตุงู ุจุงูุฅูุชุฑูุช: ูุชุงุญ
[2025-10-16 00:11:05] ๐ ูุญุต ุงูุฃุฏุงุก...
[2025-10-16 00:11:05] ๐ ุงูุนูููุงุช ุงููุดุทุฉ: 356
[2025-10-16 00:11:05] ๐ ุงูุงุชุตุงู ุจุงูุฅูุชุฑูุช: ูุชุงุญ
[2025-10-16 00:11:35] ๐ ูุญุต ุงูุฃุฏุงุก...
[2025-10-16 00:11:35] ๐ ุงูุนูููุงุช ุงููุดุทุฉ: 356
[2025-10-16 00:11:35] ๐ ุงูุงุชุตุงู ุจุงูุฅูุชุฑูุช: ูุชุงุญ
[2025-10-16 00:12:05] ๐ ูุญุต ุงูุฃุฏุงุก...
[2025-10-16 00:12:05] ๐ ุงูุนูููุงุช ุงููุดุทุฉ: 356
[2025-10-16 00:12:05] ๐ ุงูุงุชุตุงู ุจุงูุฅูุชุฑูุช: ูุชุงุญ
[2025-10-16 00:12:36] ๐ ูุญุต ุงูุฃุฏุงุก...
[2025-10-16 00:12:36] ๐ ุงูุนูููุงุช ุงููุดุทุฉ: 354
[2025-10-16 00:12:36] ๐ ุงูุงุชุตุงู ุจุงูุฅูุชุฑูุช: ูุชุงุญ
[2025-10-16 00:13:06] ๐ ูุญุต ุงูุฃุฏุงุก...
[2025-10-16 00:13:06] ๐ ุงูุนูููุงุช ุงููุดุทุฉ: 354
[2025-10-16 00:13:06] ๐ ุงูุงุชุตุงู ุจุงูุฅูุชุฑูุช: ูุชุงุญ
[2025-10-16 00:13:36] ๐ ูุญุต ุงูุฃุฏุงุก...
[2025-10-16 00:13:36] ๐ ุงูุนูููุงุช ุงููุดุทุฉ: 353
[2025-10-16 00:13:36] ๐ ุงูุงุชุตุงู ุจุงูุฅูุชุฑูุช: ูุชุงุญ
[2025-10-16 00:14:06] ๐ ูุญุต ุงูุฃุฏุงุก...
[2025-10-16 00:14:06] ๐ ุงูุนูููุงุช ุงููุดุทุฉ: 353
[2025-10-16 00:14:06] ๐ ุงูุงุชุตุงู ุจุงูุฅูุชุฑูุช: ูุชุงุญ
[2025-10-16 00:14:37] ๐ ูุญุต ุงูุฃุฏุงุก...
[2025-10-16 00:14:37] ๐ ุงูุนูููุงุช ุงููุดุทุฉ: 353
[2025-10-16 00:14:37] ๐ ุงูุงุชุตุงู ุจุงูุฅูุชุฑูุช: ูุชุงุญ
[2025-10-16 00:15:07] ๐ ูุญุต ุงูุฃุฏุงุก...
[2025-10-16 00:15:07] ๐ ุงูุนูููุงุช ุงููุดุทุฉ: 352
[2025-10-16 00:15:07] ๐ ุงูุงุชุตุงู ุจุงูุฅูุชุฑูุช: ูุชุงุญ
[2025-10-16 00:15:37] ๐ ูุญุต ุงูุฃุฏุงุก...
[2025-10-16 00:15:37] ๐ ุงูุนูููุงุช ุงููุดุทุฉ: 350
[2025-10-16 00:15:37] ๐ ุงูุงุชุตุงู ุจุงูุฅูุชุฑูุช: ูุชุงุญ
[2025-10-16 00:16:07] ๐ ูุญุต ุงูุฃุฏุงุก...
[2025-10-16 00:16:07] ๐ ุงูุนูููุงุช ุงููุดุทุฉ: 351
[2025-10-16 00:16:07] ๐ ุงูุงุชุตุงู ุจุงูุฅูุชุฑูุช: ูุชุงุญ
[2025-10-16 00:16:37] ๐ ูุญุต ุงูุฃุฏุงุก...
[2025-10-16 00:16:37] ๐ ุงูุนูููุงุช ุงููุดุทุฉ: 351
[2025-10-16 00:16:37] ๐ ุงูุงุชุตุงู ุจุงูุฅูุชุฑูุช: ูุชุงุญ
[2025-10-16 00:17:08] ๐ ูุญุต ุงูุฃุฏุงุก...
[2025-10-16 00:17:08] ๐ ุงูุนูููุงุช ุงููุดุทุฉ: 351
[2025-10-16 00:17:08] ๐ ุงูุงุชุตุงู ุจุงูุฅูุชุฑูุช: ูุชุงุญ
[2025-10-16 00:17:38] ๐ ูุญุต ุงูุฃุฏุงุก...
[2025-10-16 00:17:38] ๐ ุงูุนูููุงุช ุงููุดุทุฉ: 351
[2025-10-16 00:17:38] ๐ ุงูุงุชุตุงู ุจุงูุฅูุชุฑูุช: ูุชุงุญ
[2025-10-16 00:18:08] ๐ ูุญุต ุงูุฃุฏุงุก...
[2025-10-16 00:18:08] ๐ ุงูุนูููุงุช ุงููุดุทุฉ: 351
[2025-10-16 00:18:08] ๐ ุงูุงุชุตุงู ุจุงูุฅูุชุฑูุช: ูุชุงุญ
[2025-10-16 00:18:38] ๐ ูุญุต ุงูุฃุฏุงุก...
[2025-10-16 00:18:38] ๐ ุงูุนูููุงุช ุงููุดุทุฉ: 351
[2025-10-16 00:18:38] ๐ ุงูุงุชุตุงู ุจุงูุฅูุชุฑูุช: ูุชุงุญ
[2025-10-16 00:19:08] ๐ ูุญุต ุงูุฃุฏุงุก...
[2025-10-16 00:19:08] ๐ ุงูุนูููุงุช ุงููุดุทุฉ: 351
[2025-10-16 00:19:08] โ ุงูุงุชุตุงู ุจุงูุฅูุชุฑูุช: ุบูุฑ ูุชุงุญ
[2025-10-16 00:19:48] ๐ ูุญุต ุงูุฃุฏุงุก...
[2025-10-16 00:19:48] ๐ ุงูุนูููุงุช ุงููุดุทุฉ: 351
[2025-10-16 00:19:48] ๐ ุงูุงุชุตุงู ุจุงูุฅูุชุฑูุช: ูุชุงุญ
[2025-10-16 00:20:19] ๐ ูุญุต ุงูุฃุฏุงุก...
[2025-10-16 00:20:19] ๐ ุงูุนูููุงุช ุงููุดุทุฉ: 352
[2025-10-16 00:20:19] ๐ ุงูุงุชุตุงู ุจุงูุฅูุชุฑูุช: ูุชุงุญ
[2025-10-16 00:20:49] ๐ ูุญุต ุงูุฃุฏุงุก...
[2025-10-16 00:20:49] ๐ ุงูุนูููุงุช ุงููุดุทุฉ: 351
[2025-10-16 00:20:49] ๐ ุงูุงุชุตุงู ุจุงูุฅูุชุฑูุช: ูุชุงุญ
[2025-10-16 00:21:19] ๐ ูุญุต ุงูุฃุฏุงุก...
[2025-10-16 00:21:19] ๐ ุงูุนูููุงุช ุงููุดุทุฉ: 350
[2025-10-16 00:21:19] ๐ ุงูุงุชุตุงู ุจุงูุฅูุชุฑูุช: ูุชุงุญ
[2025-10-16 00:21:50] ๐ ูุญุต ุงูุฃุฏุงุก...
[2025-10-16 00:21:50] ๐ ุงูุนูููุงุช ุงููุดุทุฉ: 350
[2025-10-16 00:21:50] ๐ ุงูุงุชุตุงู ุจุงูุฅูุชุฑูุช: ูุชุงุญ
[2025-10-16 00:22:20] ๐ ูุญุต ุงูุฃุฏุงุก...
[2025-10-16 00:22:20] ๐ ุงูุนูููุงุช ุงููุดุทุฉ: 351
[2025-10-16 00:22:20] ๐ ุงูุงุชุตุงู ุจุงูุฅูุชุฑูุช: ูุชุงุญ
[2025-10-16 00:22:50] ๐ ูุญุต ุงูุฃุฏุงุก...
[2025-10-16 00:22:50] ๐ ุงูุนูููุงุช ุงููุดุทุฉ: 351
[2025-10-16 00:22:50] ๐ ุงูุงุชุตุงู ุจุงูุฅูุชุฑูุช: ูุชุงุญ
[2025-10-16 00:23:20] ๐ ูุญุต ุงูุฃุฏุงุก...
[2025-10-16 00:23:20] ๐ ุงูุนูููุงุช ุงููุดุทุฉ: 354
[2025-10-16 00:23:20] ๐ ุงูุงุชุตุงู ุจุงูุฅูุชุฑูุช: ูุชุงุญ
[2025-10-16 00:23:50] ๐ ูุญุต ุงูุฃุฏุงุก...
[2025-10-16 00:23:50] ๐ ุงูุนูููุงุช ุงููุดุทุฉ: 355
[2025-10-16 00:23:50] ๐ ุงูุงุชุตุงู ุจุงูุฅูุชุฑูุช: ูุชุงุญ
[2025-10-16 00:24:21] ๐ ูุญุต ุงูุฃุฏุงุก...
[2025-10-16 00:24:21] ๐ ุงูุนูููุงุช ุงููุดุทุฉ: 355
[2025-10-16 00:24:21] ๐ ุงูุงุชุตุงู ุจุงูุฅูุชุฑูุช: ูุชุงุญ
[2025-10-16 00:24:51] ๐ ูุญุต ุงูุฃุฏุงุก...
[2025-10-16 00:24:51] ๐ ุงูุนูููุงุช ุงููุดุทุฉ: 355
[2025-10-16 00:24:51] ๐ ุงูุงุชุตุงู ุจุงูุฅูุชุฑูุช: ูุชุงุญ
[2025-10-16 00:25:21] ๐ ูุญุต ุงูุฃุฏุงุก...
[2025-10-16 00:25:21] ๐ ุงูุนูููุงุช ุงููุดุทุฉ: 355
[2025-10-16 00:25:21] ๐ ุงูุงุชุตุงู ุจุงูุฅูุชุฑูุช: ูุชุงุญ
[2025-10-16 00:25:52] ๐ ูุญุต ุงูุฃุฏุงุก...
[2025-10-16 00:25:52] ๐ ุงูุนูููุงุช ุงููุดุทุฉ: 354
[2025-10-16 00:25:52] ๐ ุงูุงุชุตุงู ุจุงูุฅูุชุฑูุช: ูุชุงุญ
[2025-10-16 00:26:22] ๐ ูุญุต ุงูุฃุฏุงุก...
[2025-10-16 00:26:22] ๐ ุงูุนูููุงุช ุงููุดุทุฉ: 354
[2025-10-16 00:26:22] ๐ ุงูุงุชุตุงู ุจุงูุฅูุชุฑูุช: ูุชุงุญ
[2025-10-16 00:26:52] ๐ ูุญุต ุงูุฃุฏุงุก...
[2025-10-16 00:26:52] ๐ ุงูุนูููุงุช ุงููุดุทุฉ: 354
[2025-10-16 00:26:52] ๐ ุงูุงุชุตุงู ุจุงูุฅูุชุฑูุช: ูุชุงุญ
[2025-10-16 00:27:22] ๐ ูุญุต ุงูุฃุฏุงุก...
[2025-10-16 00:27:22] ๐ ุงูุนูููุงุช ุงููุดุทุฉ: 354
[2025-10-16 00:27:22] ๐ ุงูุงุชุตุงู ุจุงูุฅูุชุฑูุช: ูุชุงุญ
[2025-10-16 00:27:52] ๐ ูุญุต ุงูุฃุฏุงุก...
[2025-10-16 00:27:52] ๐ ุงูุนูููุงุช ุงููุดุทุฉ: 353
[2025-10-16 00:27:52] ๐ ุงูุงุชุตุงู ุจุงูุฅูุชุฑูุช: ูุชุงุญ
[2025-10-16 00:28:23] ๐ ูุญุต ุงูุฃุฏุงุก...
[2025-10-16 00:28:23] ๐ ุงูุนูููุงุช ุงููุดุทุฉ: 353
[2025-10-16 00:28:23] ๐ ุงูุงุชุตุงู ุจุงูุฅูุชุฑูุช: ูุชุงุญ
[2025-10-16 00:28:53] ๐ ูุญุต ุงูุฃุฏุงุก...
[2025-10-16 00:28:53] ๐ ุงูุนูููุงุช ุงููุดุทุฉ: 353
[2025-10-16 00:28:53] ๐ ุงูุงุชุตุงู ุจุงูุฅูุชุฑูุช: ูุชุงุญ
[2025-10-16 00:29:23] ๐ ูุญุต ุงูุฃุฏุงุก...
[2025-10-16 00:29:23] ๐ ุงูุนูููุงุช ุงููุดุทุฉ: 353
[2025-10-16 00:29:23] ๐ ุงูุงุชุตุงู ุจุงูุฅูุชุฑูุช: ูุชุงุญ
[2025-10-16 00:29:54] ๐ ูุญุต ุงูุฃุฏุงุก...
[2025-10-16 00:29:54] ๐ ุงูุนูููุงุช ุงููุดุทุฉ: 353
[2025-10-16 00:29:54] ๐ ุงูุงุชุตุงู ุจุงูุฅูุชุฑูุช: ูุชุงุญ
[2025-10-16 00:30:24] ๐ ูุญุต ุงูุฃุฏุงุก...
[2025-10-16 00:30:24] ๐ ุงูุนูููุงุช ุงููุดุทุฉ: 359
[2025-10-16 00:30:24] ๐ ุงูุงุชุตุงู ุจุงูุฅูุชุฑูุช: ูุชุงุญ
[2025-10-16 00:30:54] ๐ ูุญุต ุงูุฃุฏุงุก...
[2025-10-16 00:30:54] ๐ ุงูุนูููุงุช ุงููุดุทุฉ: 359
[2025-10-16 00:30:54] ๐ ุงูุงุชุตุงู ุจุงูุฅูุชุฑูุช: ูุชุงุญ
[2025-10-16 00:31:24] ๐ ูุญุต ุงูุฃุฏุงุก...
[2025-10-16 00:31:24] ๐ ุงูุนูููุงุช ุงููุดุทุฉ: 359
[2025-10-16 00:31:24] ๐ ุงูุงุชุตุงู ุจุงูุฅูุชุฑูุช: ูุชุงุญ
[2025-10-16 00:31:54] ๐ ูุญุต ุงูุฃุฏุงุก...
[2025-10-16 00:31:54] ๐ ุงูุนูููุงุช ุงููุดุทุฉ: 358
[2025-10-16 00:31:54] ๐ ุงูุงุชุตุงู ุจุงูุฅูุชุฑูุช: ูุชุงุญ
[2025-10-16 00:32:25] ๐ ูุญุต ุงูุฃุฏุงุก...
[2025-10-16 00:32:25] ๐ ุงูุนูููุงุช ุงููุดุทุฉ: 359
[2025-10-16 00:32:25] ๐ ุงูุงุชุตุงู ุจุงูุฅูุชุฑูุช: ูุชุงุญ
[2025-10-16 00:32:55] ๐ ูุญุต ุงูุฃุฏุงุก...
[2025-10-16 00:32:55] ๐ ุงูุนูููุงุช ุงููุดุทุฉ: 356
[2025-10-16 00:32:55] ๐ ุงูุงุชุตุงู ุจุงูุฅูุชุฑูุช: ูุชุงุญ
[2025-10-16 00:33:25] ๐ ูุญุต ุงูุฃุฏุงุก...
[2025-10-16 00:33:25] ๐ ุงูุนูููุงุช ุงููุดุทุฉ: 354
[2025-10-16 00:33:25] ๐ ุงูุงุชุตุงู ุจุงูุฅูุชุฑูุช: ูุชุงุญ
[2025-10-16 00:33:55] ๐ ูุญุต ุงูุฃุฏุงุก...
[2025-10-16 00:33:55] ๐ ุงูุนูููุงุช ุงููุดุทุฉ: 354
[2025-10-16 00:33:55] ๐ ุงูุงุชุตุงู ุจุงูุฅูุชุฑูุช: ูุชุงุญ
[2025-10-16 00:34:26] ๐ ูุญุต ุงูุฃุฏุงุก...
[2025-10-16 00:34:26] ๐ ุงูุนูููุงุช ุงููุดุทุฉ: 354
[2025-10-16 00:34:26] ๐ ุงูุงุชุตุงู ุจุงูุฅูุชุฑูุช: ูุชุงุญ
[2025-10-16 00:34:56] ๐ ูุญุต ุงูุฃุฏุงุก...
[2025-10-16 00:34:56] ๐ ุงูุนูููุงุช ุงููุดุทุฉ: 354
[2025-10-16 00:34:56] ๐ ุงูุงุชุตุงู ุจุงูุฅูุชุฑูุช: ูุชุงุญ
[2025-10-16 00:35:26] ๐ ูุญุต ุงูุฃุฏุงุก...
[2025-10-16 00:35:26] ๐ ุงูุนูููุงุช ุงููุดุทุฉ: 351
[2025-10-16 00:35:26] ๐ ุงูุงุชุตุงู ุจุงูุฅูุชุฑูุช: ูุชุงุญ
[2025-10-16 00:35:56] ๐ ูุญุต ุงูุฃุฏุงุก...
[2025-10-16 00:35:56] ๐ ุงูุนูููุงุช ุงููุดุทุฉ: 351
[2025-10-16 00:35:56] ๐ ุงูุงุชุตุงู ุจุงูุฅูุชุฑูุช: ูุชุงุญ
[2025-10-16 00:36:27] ๐ ูุญุต ุงูุฃุฏุงุก...
[2025-10-16 00:36:27] ๐ ุงูุนูููุงุช ุงููุดุทุฉ: 352
[2025-10-16 00:36:27] ๐ ุงูุงุชุตุงู ุจุงูุฅูุชุฑูุช: ูุชุงุญ
[2025-10-16 00:36:58] ๐ ูุญุต ุงูุฃุฏุงุก...
[2025-10-16 00:36:58] ๐ ุงูุนูููุงุช ุงููุดุทุฉ: 352
[2025-10-16 00:36:58] ๐ ุงูุงุชุตุงู ุจุงูุฅูุชุฑูุช: ูุชุงุญ
[2025-10-16 00:37:28] ๐ ูุญุต ุงูุฃุฏุงุก...
[2025-10-16 00:37:28] ๐ ุงูุนูููุงุช ุงููุดุทุฉ: 352
[2025-10-16 00:37:28] ๐ ุงูุงุชุตุงู ุจุงูุฅูุชุฑูุช: ูุชุงุญ
[2025-10-16 00:37:58] ๐ ูุญุต ุงูุฃุฏุงุก...
[2025-10-16 00:37:58] ๐ ุงูุนูููุงุช ุงููุดุทุฉ: 352
[2025-10-16 00:37:58] ๐ ุงูุงุชุตุงู ุจุงูุฅูุชุฑูุช: ูุชุงุญ
[2025-10-16 00:38:28] ๐ ูุญุต ุงูุฃุฏุงุก...
[2025-10-16 00:38:28] ๐ ุงูุนูููุงุช ุงููุดุทุฉ: 352
[2025-10-16 00:38:28] ๐ ุงูุงุชุตุงู ุจุงูุฅูุชุฑูุช: ูุชุงุญ
[2025-10-16 00:38:59] ๐ ูุญุต ุงูุฃุฏุงุก...
[2025-10-16 00:38:59] ๐ ุงูุนูููุงุช ุงููุดุทุฉ: 352
[2025-10-16 00:38:59] ๐ ุงูุงุชุตุงู ุจุงูุฅูุชุฑูุช: ูุชุงุญ
[2025-10-16 00:39:29] ๐ ูุญุต ุงูุฃุฏุงุก...
[2025-10-16 00:39:29] ๐ ุงูุนูููุงุช ุงููุดุทุฉ: 352
[2025-10-16 00:39:29] ๐ ุงูุงุชุตุงู ุจุงูุฅูุชุฑูุช: ูุชุงุญ
[2025-10-16 00:39:59] ๐ ูุญุต ุงูุฃุฏุงุก...
[2025-10-16 00:39:59] ๐ ุงูุนูููุงุช ุงููุดุทุฉ: 352
[2025-10-16 00:39:59] ๐ ุงูุงุชุตุงู ุจุงูุฅูุชุฑูุช: ูุชุงุญ
[2025-10-16 00:40:29] ๐ ูุญุต ุงูุฃุฏุงุก...
[2025-10-16 00:40:29] ๐ ุงูุนูููุงุช ุงููุดุทุฉ: 354
[2025-10-16 00:40:29] ๐ ุงูุงุชุตุงู ุจุงูุฅูุชุฑูุช: ูุชุงุญ
[2025-10-16 00:41:00] ๐ ูุญุต ุงูุฃุฏุงุก...
[2025-10-16 00:41:00] ๐ ุงูุนูููุงุช ุงููุดุทุฉ: 355
[2025-10-16 00:41:00] ๐ ุงูุงุชุตุงู ุจุงูุฅูุชุฑูุช: ูุชุงุญ
[2025-10-16 00:41:30] ๐ ูุญุต ุงูุฃุฏุงุก...
[2025-10-16 00:41:30] ๐ ุงูุนูููุงุช ุงููุดุทุฉ: 354
[2025-10-16 00:41:30] ๐ ุงูุงุชุตุงู ุจุงูุฅูุชุฑูุช: ูุชุงุญ
[2025-10-16 00:42:00] ๐ ูุญุต ุงูุฃุฏุงุก...
[2025-10-16 00:42:00] ๐ ุงูุนูููุงุช ุงููุดุทุฉ: 354
[2025-10-16 00:42:00] ๐ ุงูุงุชุตุงู ุจุงูุฅูุชุฑูุช: ูุชุงุญ
[2025-10-16 00:42:30] ๐ ูุญุต ุงูุฃุฏุงุก...
[2025-10-16 00:42:30] ๐ ุงูุนูููุงุช ุงููุดุทุฉ: 354
[2025-10-16 00:42:30] ๐ ุงูุงุชุตุงู ุจุงูุฅูุชุฑูุช: ูุชุงุญ
[2025-10-16 00:43:01] ๐ ูุญุต ุงูุฃุฏุงุก...
[2025-10-16 00:43:01] ๐ ุงูุนูููุงุช ุงููุดุทุฉ: 354
[2025-10-16 00:43:01] ๐ ุงูุงุชุตุงู ุจุงูุฅูุชุฑูุช: ูุชุงุญ
[2025-10-16 00:43:31] ๐ ูุญุต ุงูุฃุฏุงุก...
[2025-10-16 00:43:31] ๐ ุงูุนูููุงุช ุงููุดุทุฉ: 354
[2025-10-16 00:43:31] ๐ ุงูุงุชุตุงู ุจุงูุฅูุชุฑูุช: ูุชุงุญ
[2025-10-16 00:44:01] ๐ ูุญุต ุงูุฃุฏุงุก...
[2025-10-16 00:44:01] ๐ ุงูุนูููุงุช ุงููุดุทุฉ: 354
[2025-10-16 00:44:01] ๐ ุงูุงุชุตุงู ุจุงูุฅูุชุฑูุช: ูุชุงุญ
[2025-10-16 00:44:31] ๐ ูุญุต ุงูุฃุฏุงุก...
[2025-10-16 00:44:31] ๐ ุงูุนูููุงุช ุงููุดุทุฉ: 354
[2025-10-16 00:44:31] ๐ ุงูุงุชุตุงู ุจุงูุฅูุชุฑูุช: ูุชุงุญ
[2025-10-16 00:45:02] ๐ ูุญุต ุงูุฃุฏุงุก...
[2025-10-16 00:45:02] ๐ ุงูุนูููุงุช ุงููุดุทุฉ: 354
[2025-10-16 00:45:02] ๐ ุงูุงุชุตุงู ุจุงูุฅูุชุฑูุช: ูุชุงุญ
[2025-10-16 00:45:32] ๐ ูุญุต ุงูุฃุฏุงุก...
[2025-10-16 00:45:32] ๐ ุงูุนูููุงุช ุงููุดุทุฉ: 352
[2025-10-16 00:45:32] ๐ ุงูุงุชุตุงู ุจุงูุฅูุชุฑูุช: ูุชุงุญ
[2025-10-16 00:46:02] ๐ ูุญุต ุงูุฃุฏุงุก...
[2025-10-16 00:46:02] ๐ ุงูุนูููุงุช ุงููุดุทุฉ: 351
[2025-10-16 00:46:02] ๐ ุงูุงุชุตุงู ุจุงูุฅูุชุฑูุช: ูุชุงุญ
[2025-10-16 00:46:32] ๐ ูุญุต ุงูุฃุฏุงุก...
[2025-10-16 00:46:32] ๐ ุงูุนูููุงุช ุงููุดุทุฉ: 351
[2025-10-16 00:46:32] ๐ ุงูุงุชุตุงู ุจุงูุฅูุชุฑูุช: ูุชุงุญ
[2025-10-16 00:47:03] ๐ ูุญุต ุงูุฃุฏุงุก...
[2025-10-16 00:47:03] ๐ ุงูุนูููุงุช ุงููุดุทุฉ: 352
[2025-10-16 00:47:03] ๐ ุงูุงุชุตุงู ุจุงูุฅูุชุฑูุช: ูุชุงุญ
[2025-10-16 00:47:33] ๐ ูุญุต ุงูุฃุฏุงุก...
[2025-10-16 00:47:33] ๐ ุงูุนูููุงุช ุงููุดุทุฉ: 352
[2025-10-16 00:47:33] ๐ ุงูุงุชุตุงู ุจุงูุฅูุชุฑูุช: ูุชุงุญ
[2025-10-16 00:48:03] ๐ ูุญุต ุงูุฃุฏุงุก...
[2025-10-16 00:48:03] ๐ ุงูุนูููุงุช ุงููุดุทุฉ: 353
[2025-10-16 00:48:03] ๐ ุงูุงุชุตุงู ุจุงูุฅูุชุฑูุช: ูุชุงุญ
[2025-10-16 00:48:33] ๐ ูุญุต ุงูุฃุฏุงุก...
[2025-10-16 00:48:33] ๐ ุงูุนูููุงุช ุงููุดุทุฉ: 353
[2025-10-16 00:48:33] ๐ ุงูุงุชุตุงู ุจุงูุฅูุชุฑูุช: ูุชุงุญ
[2025-10-16 00:49:03] ๐ ูุญุต ุงูุฃุฏุงุก...
[2025-10-16 00:49:03] ๐ ุงูุนูููุงุช ุงููุดุทุฉ: 354
[2025-10-16 00:49:03] ๐ ุงูุงุชุตุงู ุจุงูุฅูุชุฑูุช: ูุชุงุญ
[2025-10-16 00:49:33] ๐ ูุญุต ุงูุฃุฏุงุก...
[2025-10-16 00:49:33] ๐ ุงูุนูููุงุช ุงููุดุทุฉ: 354
[2025-10-16 00:49:33] ๐ ุงูุงุชุตุงู ุจุงูุฅูุชุฑูุช: ูุชุงุญ
[2025-10-16 00:50:04] ๐ ูุญุต ุงูุฃุฏุงุก...
[2025-10-16 00:50:04] ๐ ุงูุนูููุงุช ุงููุดุทุฉ: 357
[2025-10-16 00:50:04] ๐ ุงูุงุชุตุงู ุจุงูุฅูุชุฑูุช: ูุชุงุญ
[2025-10-16 00:50:34] ๐ ูุญุต ุงูุฃุฏุงุก...
[2025-10-16 00:50:34] ๐ ุงูุนูููุงุช ุงููุดุทุฉ: 358
[2025-10-16 00:50:34] ๐ ุงูุงุชุตุงู ุจุงูุฅูุชุฑูุช: ูุชุงุญ
[2025-10-16 00:51:04] ๐ ูุญุต ุงูุฃุฏุงุก...
[2025-10-16 00:51:04] ๐ ุงูุนูููุงุช ุงููุดุทุฉ: 358
[2025-10-16 00:51:04] ๐ ุงูุงุชุตุงู ุจุงูุฅูุชุฑูุช: ูุชุงุญ
[2025-10-16 00:51:34] ๐ ูุญุต ุงูุฃุฏุงุก...
[2025-10-16 00:51:34] ๐ ุงูุนูููุงุช ุงููุดุทุฉ: 358
[2025-10-16 00:51:34] ๐ ุงูุงุชุตุงู ุจุงูุฅูุชุฑูุช: ูุชุงุญ
[2025-10-16 00:52:05] ๐ ูุญุต ุงูุฃุฏุงุก...
[2025-10-16 00:52:05] ๐ ุงูุนูููุงุช ุงููุดุทุฉ: 357
[2025-10-16 00:52:05] ๐ ุงูุงุชุตุงู ุจุงูุฅูุชุฑูุช: ูุชุงุญ
[2025-10-16 00:52:35] ๐ ูุญุต ุงูุฃุฏุงุก...
[2025-10-16 00:52:35] ๐ ุงูุนูููุงุช ุงููุดุทุฉ: 357
[2025-10-16 00:52:35] ๐ ุงูุงุชุตุงู ุจุงูุฅูุชุฑูุช: ูุชุงุญ
[2025-10-16 00:53:05] ๐ ูุญุต ุงูุฃุฏุงุก...
[2025-10-16 00:53:05] ๐ ุงูุนูููุงุช ุงููุดุทุฉ: 357
[2025-10-16 00:53:05] ๐ ุงูุงุชุตุงู ุจุงูุฅูุชุฑูุช: ูุชุงุญ
[2025-10-16 00:53:35] ๐ ูุญุต ุงูุฃุฏุงุก...
[2025-10-16 00:53:35] ๐ ุงูุนูููุงุช ุงููุดุทุฉ: 357
[2025-10-16 00:53:35] ๐ ุงูุงุชุตุงู ุจุงูุฅูุชุฑูุช: ูุชุงุญ
[2025-10-16 00:54:06] ๐ ูุญุต ุงูุฃุฏุงุก...
[2025-10-16 00:54:06] ๐ ุงูุนูููุงุช ุงููุดุทุฉ: 356
[2025-10-16 00:54:06] ๐ ุงูุงุชุตุงู ุจุงูุฅูุชุฑูุช: ูุชุงุญ
[2025-10-16 00:54:36] ๐ ูุญุต ุงูุฃุฏุงุก...
[2025-10-16 00:54:36] ๐ ุงูุนูููุงุช ุงููุดุทุฉ: 356
[2025-10-16 00:54:36] ๐ ุงูุงุชุตุงู ุจุงูุฅูุชุฑูุช: ูุชุงุญ
[2025-10-16 00:55:06] ๐ ูุญุต ุงูุฃุฏุงุก...
[2025-10-16 00:55:06] ๐ ุงูุนูููุงุช ุงููุดุทุฉ: 356
[2025-10-16 00:55:06] ๐ ุงูุงุชุตุงู ุจุงูุฅูุชุฑูุช: ูุชุงุญ
[2025-10-16 00:55:36] ๐ ูุญุต ุงูุฃุฏุงุก...
[2025-10-16 00:55:36] ๐ ุงูุนูููุงุช ุงููุดุทุฉ: 358
[2025-10-16 00:55:36] ๐ ุงูุงุชุตุงู ุจุงูุฅูุชุฑูุช: ูุชุงุญ
[2025-10-16 00:56:06] ๐ ูุญุต ุงูุฃุฏุงุก...
[2025-10-16 00:56:06] ๐ ุงูุนูููุงุช ุงููุดุทุฉ: 360
[2025-10-16 00:56:06] ๐ ุงูุงุชุตุงู ุจุงูุฅูุชุฑูุช: ูุชุงุญ
[2025-10-16 00:56:37] ๐ ูุญุต ุงูุฃุฏุงุก...
[2025-10-16 00:56:37] ๐ ุงูุนูููุงุช ุงููุดุทุฉ: 361
[2025-10-16 00:56:37] ๐ ุงูุงุชุตุงู ุจุงูุฅูุชุฑูุช: ูุชุงุญ
[2025-10-16 00:57:07] ๐ ูุญุต ุงูุฃุฏุงุก...
[2025-10-16 00:57:07] ๐ ุงูุนูููุงุช ุงููุดุทุฉ: 361
[2025-10-16 00:57:07] ๐ ุงูุงุชุตุงู ุจุงูุฅูุชุฑูุช: ูุชุงุญ
[2025-10-16 00:57:39] ๐ ูุญุต ุงูุฃุฏุงุก...
[2025-10-16 00:57:39] ๐ ุงูุนูููุงุช ุงููุดุทุฉ: 356
[2025-10-16 00:57:39] ๐ ุงูุงุชุตุงู ุจุงูุฅูุชุฑูุช: ูุชุงุญ
[2025-10-16 00:58:09] ๐ ูุญุต ุงูุฃุฏุงุก...
[2025-10-16 00:58:09] ๐ ุงูุนูููุงุช ุงููุดุทุฉ: 354
[2025-10-16 00:58:09] ๐ ุงูุงุชุตุงู ุจุงูุฅูุชุฑูุช: ูุชุงุญ
[2025-10-16 00:58:40] ๐ ูุญุต ุงูุฃุฏุงุก...
[2025-10-16 00:58:40] ๐ ุงูุนูููุงุช ุงููุดุทุฉ: 354
[2025-10-16 00:58:40] ๐ ุงูุงุชุตุงู ุจุงูุฅูุชุฑูุช: ูุชุงุญ
[2025-10-16 00:59:10] ๐ ูุญุต ุงูุฃุฏุงุก...
[2025-10-16 00:59:10] ๐ ุงูุนูููุงุช ุงููุดุทุฉ: 359
[2025-10-16 00:59:10] ๐ ุงูุงุชุตุงู ุจุงูุฅูุชุฑูุช: ูุชุงุญ
[2025-10-16 00:59:40] ๐ ูุญุต ุงูุฃุฏุงุก...
[2025-10-16 00:59:40] ๐ ุงูุนูููุงุช ุงููุดุทุฉ: 354
[2025-10-16 00:59:40] ๐ ุงูุงุชุตุงู ุจุงูุฅูุชุฑูุช: ูุชุงุญ
[2025-10-16 01:00:10] ๐ ูุญุต ุงูุฃุฏุงุก...
[2025-10-16 01:00:10] ๐ ุงูุนูููุงุช ุงููุดุทุฉ: 355
[2025-10-16 01:00:10] ๐ ุงูุงุชุตุงู ุจุงูุฅูุชุฑูุช: ูุชุงุญ
[2025-10-16 01:00:40] ๐ ูุญุต ุงูุฃุฏุงุก...
[2025-10-16 01:00:40] ๐ ุงูุนูููุงุช ุงููุดุทุฉ: 355
[2025-10-16 01:00:40] ๐ ุงูุงุชุตุงู ุจุงูุฅูุชุฑูุช: ูุชุงุญ
[2025-10-16 01:01:10] ๐ ูุญุต ุงูุฃุฏุงุก...
[2025-10-16 01:01:10] ๐ ุงูุนูููุงุช ุงููุดุทุฉ: 356
[2025-10-16 01:01:10] ๐ ุงูุงุชุตุงู ุจุงูุฅูุชุฑูุช: ูุชุงุญ
[2025-10-16 01:01:41] ๐ ูุญุต ุงูุฃุฏุงุก...
[2025-10-16 01:01:41] ๐ ุงูุนูููุงุช ุงููุดุทุฉ: 356
[2025-10-16 01:01:41] ๐ ุงูุงุชุตุงู ุจุงูุฅูุชุฑูุช: ูุชุงุญ
[2025-10-16 01:02:11] ๐ ูุญุต ุงูุฃุฏุงุก...
[2025-10-16 01:02:11] ๐ ุงูุนูููุงุช ุงููุดุทุฉ: 356
[2025-10-16 01:02:11] ๐ ุงูุงุชุตุงู ุจุงูุฅูุชุฑูุช: ูุชุงุญ
[2025-10-16 01:02:41] ๐ ูุญุต ุงูุฃุฏุงุก...
[2025-10-16 01:02:41] ๐ ุงูุนูููุงุช ุงููุดุทุฉ: 356
[2025-10-16 01:02:41] ๐ ุงูุงุชุตุงู ุจุงูุฅูุชุฑูุช: ูุชุงุญ
[2025-10-16 01:03:11] ๐ ูุญุต ุงูุฃุฏุงุก...
[2025-10-16 01:03:11] ๐ ุงูุนูููุงุช ุงููุดุทุฉ: 357
[2025-10-16 01:03:11] ๐ ุงูุงุชุตุงู ุจุงูุฅูุชุฑูุช: ูุชุงุญ
[2025-10-16 01:03:42] ๐ ูุญุต ุงูุฃุฏุงุก...
[2025-10-16 01:03:42] ๐ ุงูุนูููุงุช ุงููุดุทุฉ: 356
[2025-10-16 01:03:42] ๐ ุงูุงุชุตุงู ุจุงูุฅูุชุฑูุช: ูุชุงุญ
[2025-10-16 01:04:12] ๐ ูุญุต ุงูุฃุฏุงุก...
[2025-10-16 01:04:12] ๐ ุงูุนูููุงุช ุงููุดุทุฉ: 357
[2025-10-16 01:04:12] ๐ ุงูุงุชุตุงู ุจุงูุฅูุชุฑูุช: ูุชุงุญ
[2025-10-16 01:04:43] ๐ ูุญุต ุงูุฃุฏุงุก...
[2025-10-16 01:04:43] ๐ ุงูุนูููุงุช ุงููุดุทุฉ: 357
[2025-10-16 01:04:43] ๐ ุงูุงุชุตุงู ุจุงูุฅูุชุฑูุช: ูุชุงุญ
[2025-10-16 01:05:13] ๐ ูุญุต ุงูุฃุฏุงุก...
[2025-10-16 01:05:13] ๐ ุงูุนูููุงุช ุงููุดุทุฉ: 357
[2025-10-16 01:05:13] ๐ ุงูุงุชุตุงู ุจุงูุฅูุชุฑูุช: ูุชุงุญ
[2025-10-16 01:05:43] ๐ ูุญุต ุงูุฃุฏุงุก...
[2025-10-16 01:05:43] ๐ ุงูุนูููุงุช ุงููุดุทุฉ: 356
[2025-10-16 01:05:43] ๐ ุงูุงุชุตุงู ุจุงูุฅูุชุฑูุช: ูุชุงุญ
[2025-10-16 01:06:13] ๐ ูุญุต ุงูุฃุฏุงุก...
[2025-10-16 01:06:13] ๐ ุงูุนูููุงุช ุงููุดุทุฉ: 357
[2025-10-16 01:06:13] ๐ ุงูุงุชุตุงู ุจุงูุฅูุชุฑูุช: ูุชุงุญ
[2025-10-16 01:06:43] ๐ ูุญุต ุงูุฃุฏุงุก...
[2025-10-16 01:06:43] ๐ ุงูุนูููุงุช ุงููุดุทุฉ: 354
[2025-10-16 01:06:43] ๐ ุงูุงุชุตุงู ุจุงูุฅูุชุฑูุช: ูุชุงุญ
[2025-10-16 01:07:14] ๐ ูุญุต ุงูุฃุฏุงุก...
[2025-10-16 01:07:14] ๐ ุงูุนูููุงุช ุงููุดุทุฉ: 354
[2025-10-16 01:07:14] ๐ ุงูุงุชุตุงู ุจุงูุฅูุชุฑูุช: ูุชุงุญ
[2025-10-16 01:07:44] ๐ ูุญุต ุงูุฃุฏุงุก...
[2025-10-16 01:07:44] ๐ ุงูุนูููุงุช ุงููุดุทุฉ: 354
[2025-10-16 01:07:44] ๐ ุงูุงุชุตุงู ุจุงูุฅูุชุฑูุช: ูุชุงุญ
[2025-10-16 01:08:14] ๐ ูุญุต ุงูุฃุฏุงุก...
[2025-10-16 01:08:14] ๐ ุงูุนูููุงุช ุงููุดุทุฉ: 354
[2025-10-16 01:08:14] ๐ ุงูุงุชุตุงู ุจุงูุฅูุชุฑูุช: ูุชุงุญ
[2025-10-16 01:08:44] ๐ ูุญุต ุงูุฃุฏุงุก...
[2025-10-16 01:08:44] ๐ ุงูุนูููุงุช ุงููุดุทุฉ: 354
[2025-10-16 01:08:44] ๐ ุงูุงุชุตุงู ุจุงูุฅูุชุฑูุช: ูุชุงุญ
[2025-10-16 01:09:14] ๐ ูุญุต ุงูุฃุฏุงุก...
[2025-10-16 01:09:14] ๐ ุงูุนูููุงุช ุงููุดุทุฉ: 353
[2025-10-16 01:09:14] ๐ ุงูุงุชุตุงู ุจุงูุฅูุชุฑูุช: ูุชุงุญ
[2025-10-16 01:13:01] ๐ ูุญุต ุงูุฃุฏุงุก...
[2025-10-16 01:13:01] ๐ ุงูุนูููุงุช ุงููุดุทุฉ: 409
[2025-10-16 01:13:01] ๐ ุงูุงุชุตุงู ุจุงูุฅูุชุฑูุช: ูุชุงุญ
[2025-10-16 01:13:32] ๐ ูุญุต ุงูุฃุฏุงุก...
[2025-10-16 01:13:32] ๐ ุงูุนูููุงุช ุงููุดุทุฉ: 408
[2025-10-16 01:13:32] ๐ ุงูุงุชุตุงู ุจุงูุฅูุชุฑูุช: ูุชุงุญ
[2025-10-16 01:14:02] ๐ ูุญุต ุงูุฃุฏุงุก...
[2025-10-16 01:14:02] ๐ ุงูุนูููุงุช ุงููุดุทุฉ: 408
[2025-10-16 01:14:02] ๐ ุงูุงุชุตุงู ุจุงูุฅูุชุฑูุช: ูุชุงุญ
[2025-10-16 01:14:32] ๐ ูุญุต ุงูุฃุฏุงุก...
[2025-10-16 01:14:32] ๐ ุงูุนูููุงุช ุงููุดุทุฉ: 408
[2025-10-16 01:14:32] ๐ ุงูุงุชุตุงู ุจุงูุฅูุชุฑูุช: ูุชุงุญ
[2025-10-16 01:15:04] ๐ ูุญุต ุงูุฃุฏุงุก...
[2025-10-16 01:15:04] ๐ ุงูุนูููุงุช ุงููุดุทุฉ: 408
[2025-10-16 01:15:04] ๐ ุงูุงุชุตุงู ุจุงูุฅูุชุฑูุช: ูุชุงุญ
[2025-10-16 01:15:34] ๐ ูุญุต ุงูุฃุฏุงุก...
[2025-10-16 01:15:34] ๐ ุงูุนูููุงุช ุงููุดุทุฉ: 408
[2025-10-16 01:15:34] ๐ ุงูุงุชุตุงู ุจุงูุฅูุชุฑูุช: ูุชุงุญ
[2025-10-16 01:16:04] ๐ ูุญุต ุงูุฃุฏุงุก...
[2025-10-16 01:16:04] ๐ ุงูุนูููุงุช ุงููุดุทุฉ: 408
[2025-10-16 01:16:04] ๐ ุงูุงุชุตุงู ุจุงูุฅูุชุฑูุช: ูุชุงุญ
[2025-10-16 01:16:34] ๐ ูุญุต ุงูุฃุฏุงุก...
[2025-10-16 01:16:34] ๐ ุงูุนูููุงุช ุงููุดุทุฉ: 408
[2025-10-16 01:16:34] ๐ ุงูุงุชุตุงู ุจุงูุฅูุชุฑูุช: ูุชุงุญ
[2025-10-16 01:17:04] ๐ ูุญุต ุงูุฃุฏุงุก...
[2025-10-16 01:17:04] ๐ ุงูุนูููุงุช ุงููุดุทุฉ: 408
[2025-10-16 01:17:04] ๐ ุงูุงุชุตุงู ุจุงูุฅูุชุฑูุช: ูุชุงุญ
[2025-10-16 01:17:34] ๐ ูุญุต ุงูุฃุฏุงุก...
[2025-10-16 01:17:34] ๐ ุงูุนูููุงุช ุงููุดุทุฉ: 408
[2025-10-16 01:17:34] ๐ ุงูุงุชุตุงู ุจุงูุฅูุชุฑูุช: ูุชุงุญ
[2025-10-16 01:18:05] ๐ ูุญุต ุงูุฃุฏุงุก...
[2025-10-16 01:18:05] ๐ ุงูุนูููุงุช ุงููุดุทุฉ: 348
[2025-10-16 01:18:05] ๐ ุงูุงุชุตุงู ุจุงูุฅูุชุฑูุช: ูุชุงุญ
[2025-10-16 01:18:35] ๐ ูุญุต ุงูุฃุฏุงุก...
[2025-10-16 01:18:35] ๐ ุงูุนูููุงุช ุงููุดุทุฉ: 349
[2025-10-16 01:18:35] ๐ ุงูุงุชุตุงู ุจุงูุฅูุชุฑูุช: ูุชุงุญ
[2025-10-16 01:19:05] ๐ ูุญุต ุงูุฃุฏุงุก...
[2025-10-16 01:19:05] ๐ ุงูุนูููุงุช ุงููุดุทุฉ: 349
[2025-10-16 01:19:05] ๐ ุงูุงุชุตุงู ุจุงูุฅูุชุฑูุช: ูุชุงุญ
[2025-10-16 01:19:35] ๐ ูุญุต ุงูุฃุฏุงุก...
[2025-10-16 01:19:35] ๐ ุงูุนูููุงุช ุงููุดุทุฉ: 349
[2025-10-16 01:19:35] ๐ ุงูุงุชุตุงู ุจุงูุฅูุชุฑูุช: ูุชุงุญ
[2025-10-16 01:20:06] ๐ ูุญุต ุงูุฃุฏุงุก...
[2025-10-16 01:20:06] ๐ ุงูุนูููุงุช ุงููุดุทุฉ: 351
[2025-10-16 01:20:06] ๐ ุงูุงุชุตุงู ุจุงูุฅูุชุฑูุช: ูุชุงุญ
[2025-10-16 01:20:36] ๐ ูุญุต ุงูุฃุฏุงุก...
[2025-10-16 01:20:36] ๐ ุงูุนูููุงุช ุงููุดุทุฉ: 351
[2025-10-16 01:20:36] ๐ ุงูุงุชุตุงู ุจุงูุฅูุชุฑูุช: ูุชุงุญ
[2025-10-16 01:21:06] ๐ ูุญุต ุงูุฃุฏุงุก...
[2025-10-16 01:21:06] ๐ ุงูุนูููุงุช ุงููุดุทุฉ: 351
[2025-10-16 01:21:06] ๐ ุงูุงุชุตุงู ุจุงูุฅูุชุฑูุช: ูุชุงุญ
[2025-10-16 01:21:36] ๐ ูุญุต ุงูุฃุฏุงุก...
[2025-10-16 01:21:36] ๐ ุงูุนูููุงุช ุงููุดุทุฉ: 351
[2025-10-16 01:21:36] ๐ ุงูุงุชุตุงู ุจุงูุฅูุชุฑูุช: ูุชุงุญ
[2025-10-16 01:22:07] ๐ ูุญุต ุงูุฃุฏุงุก...
[2025-10-16 01:22:07] ๐ ุงูุนูููุงุช ุงููุดุทุฉ: 351
[2025-10-16 01:22:07] ๐ ุงูุงุชุตุงู ุจุงูุฅูุชุฑูุช: ูุชุงุญ
[2025-10-16 01:22:37] ๐ ูุญุต ุงูุฃุฏุงุก...
[2025-10-16 01:22:37] ๐ ุงูุนูููุงุช ุงููุดุทุฉ: 351
[2025-10-16 01:22:37] ๐ ุงูุงุชุตุงู ุจุงูุฅูุชุฑูุช: ูุชุงุญ
[2025-10-16 01:23:07] ๐ ูุญุต ุงูุฃุฏุงุก...
[2025-10-16 01:23:07] ๐ ุงูุนูููุงุช ุงููุดุทุฉ: 351
[2025-10-16 01:23:07] ๐ ุงูุงุชุตุงู ุจุงูุฅูุชุฑูุช: ูุชุงุญ
[2025-10-16 01:23:37] ๐ ูุญุต ุงูุฃุฏุงุก...
[2025-10-16 01:23:37] ๐ ุงูุนูููุงุช ุงููุดุทุฉ: 348
[2025-10-16 01:23:37] ๐ ุงูุงุชุตุงู ุจุงูุฅูุชุฑูุช: ูุชุงุญ
[2025-10-16 01:24:07] ๐ ูุญุต ุงูุฃุฏุงุก...
[2025-10-16 01:24:07] ๐ ุงูุนูููุงุช ุงููุดุทุฉ: 348
[2025-10-16 01:24:07] ๐ ุงูุงุชุตุงู ุจุงูุฅูุชุฑูุช: ูุชุงุญ
[2025-10-16 01:24:38] ๐ ูุญุต ุงูุฃุฏุงุก...
[2025-10-16 01:24:38] ๐ ุงูุนูููุงุช ุงููุดุทุฉ: 348
[2025-10-16 01:24:38] ๐ ุงูุงุชุตุงู ุจุงูุฅูุชุฑูุช: ูุชุงุญ
[2025-10-16 01:25:08] ๐ ูุญุต ุงูุฃุฏุงุก...
[2025-10-16 01:25:08] ๐ ุงูุนูููุงุช ุงููุดุทุฉ: 346
[2025-10-16 01:25:08] ๐ ุงูุงุชุตุงู ุจุงูุฅูุชุฑูุช: ูุชุงุญ
[2025-10-16 01:25:38] ๐ ูุญุต ุงูุฃุฏุงุก...
[2025-10-16 01:25:38] ๐ ุงูุนูููุงุช ุงููุดุทุฉ: 346
[2025-10-16 01:25:38] ๐ ุงูุงุชุตุงู ุจุงูุฅูุชุฑูุช: ูุชุงุญ
[2025-10-16 01:26:08] ๐ ูุญุต ุงูุฃุฏุงุก...
[2025-10-16 01:26:08] ๐ ุงูุนูููุงุช ุงููุดุทุฉ: 346
[2025-10-16 01:26:08] ๐ ุงูุงุชุตุงู ุจุงูุฅูุชุฑูุช: ูุชุงุญ
[2025-10-16 01:26:39] ๐ ูุญุต ุงูุฃุฏุงุก...
[2025-10-16 01:26:39] ๐ ุงูุนูููุงุช ุงููุดุทุฉ: 346
[2025-10-16 01:26:39] ๐ ุงูุงุชุตุงู ุจุงูุฅูุชุฑูุช: ูุชุงุญ
[2025-10-16 01:27:09] ๐ ูุญุต ุงูุฃุฏุงุก...
[2025-10-16 01:27:09] ๐ ุงูุนูููุงุช ุงููุดุทุฉ: 346
[2025-10-16 01:27:09] ๐ ุงูุงุชุตุงู ุจุงูุฅูุชุฑูุช: ูุชุงุญ
[2025-10-16 01:27:39] ๐ ูุญุต ุงูุฃุฏุงุก...
[2025-10-16 01:27:39] ๐ ุงูุนูููุงุช ุงููุดุทุฉ: 346
[2025-10-16 01:27:39] ๐ ุงูุงุชุตุงู ุจุงูุฅูุชุฑูุช: ูุชุงุญ
[2025-10-16 01:28:09] ๐ ูุญุต ุงูุฃุฏุงุก...
[2025-10-16 01:28:09] ๐ ุงูุนูููุงุช ุงููุดุทุฉ: 346
[2025-10-16 01:28:09] ๐ ุงูุงุชุตุงู ุจุงูุฅูุชุฑูุช: ูุชุงุญ
[2025-10-16 01:28:39] ๐ ูุญุต ุงูุฃุฏุงุก...
[2025-10-16 01:28:39] ๐ ุงูุนูููุงุช ุงููุดุทุฉ: 346
[2025-10-16 01:28:39] ๐ ุงูุงุชุตุงู ุจุงูุฅูุชุฑูุช: ูุชุงุญ
[2025-10-16 01:29:10] ๐ ูุญุต ุงูุฃุฏุงุก...
[2025-10-16 01:29:10] ๐ ุงูุนูููุงุช ุงููุดุทุฉ: 346
[2025-10-16 01:29:10] ๐ ุงูุงุชุตุงู ุจุงูุฅูุชุฑูุช: ูุชุงุญ
[2025-10-16 01:29:40] ๐ ูุญุต ุงูุฃุฏุงุก...
[2025-10-16 01:29:40] ๐ ุงูุนูููุงุช ุงููุดุทุฉ: 346
[2025-10-16 01:29:40] ๐ ุงูุงุชุตุงู ุจุงูุฅูุชุฑูุช: ูุชุงุญ
[2025-10-16 01:30:10] ๐ ูุญุต ุงูุฃุฏุงุก...
[2025-10-16 01:30:10] ๐ ุงูุนูููุงุช ุงููุดุทุฉ: 348
[2025-10-16 01:30:10] ๐ ุงูุงุชุตุงู ุจุงูุฅูุชุฑูุช: ูุชุงุญ
[2025-10-16 01:30:40] ๐ ูุญุต ุงูุฃุฏุงุก...
[2025-10-16 01:30:40] ๐ ุงูุนูููุงุช ุงููุดุทุฉ: 349
[2025-10-16 01:30:40] ๐ ุงูุงุชุตุงู ุจุงูุฅูุชุฑูุช: ูุชุงุญ
[2025-10-16 01:31:10] ๐ ูุญุต ุงูุฃุฏุงุก...
[2025-10-16 01:31:10] ๐ ุงูุนูููุงุช ุงููุดุทุฉ: 351
[2025-10-16 01:31:10] ๐ ุงูุงุชุตุงู ุจุงูุฅูุชุฑูุช: ูุชุงุญ
[2025-10-16 01:31:41] ๐ ูุญุต ุงูุฃุฏุงุก...
[2025-10-16 01:31:41] ๐ ุงูุนูููุงุช ุงููุดุทุฉ: 351
[2025-10-16 01:31:41] ๐ ุงูุงุชุตุงู ุจุงูุฅูุชุฑูุช: ูุชุงุญ
[2025-10-16 01:32:11] ๐ ูุญุต ุงูุฃุฏุงุก...
[2025-10-16 01:32:11] ๐ ุงูุนูููุงุช ุงููุดุทุฉ: 351
[2025-10-16 01:32:11] ๐ ุงูุงุชุตุงู ุจุงูุฅูุชุฑูุช: ูุชุงุญ
[2025-10-16 01:32:41] ๐ ูุญุต ุงูุฃุฏุงุก...
[2025-10-16 01:32:41] ๐ ุงูุนูููุงุช ุงููุดุทุฉ: 351
[2025-10-16 01:32:41] ๐ ุงูุงุชุตุงู ุจุงูุฅูุชุฑูุช: ูุชุงุญ
[2025-10-16 01:33:11] ๐ ูุญุต ุงูุฃุฏุงุก...
[2025-10-16 01:33:11] ๐ ุงูุนูููุงุช ุงููุดุทุฉ: 351
[2025-10-16 01:33:11] ๐ ุงูุงุชุตุงู ุจุงูุฅูุชุฑูุช: ูุชุงุญ
[2025-10-16 01:33:42] ๐ ูุญุต ุงูุฃุฏุงุก...
[2025-10-16 01:33:42] ๐ ุงูุนูููุงุช ุงููุดุทุฉ: 351
[2025-10-16 01:33:42] ๐ ุงูุงุชุตุงู ุจุงูุฅูุชุฑูุช: ูุชุงุญ
[2025-10-16 01:34:12] ๐ ูุญุต ุงูุฃุฏุงุก...
[2025-10-16 01:34:12] ๐ ุงูุนูููุงุช ุงููุดุทุฉ: 351
[2025-10-16 01:34:12] ๐ ุงูุงุชุตุงู ุจุงูุฅูุชุฑูุช: ูุชุงุญ
[2025-10-16 01:34:42] ๐ ูุญุต ุงูุฃุฏุงุก...
[2025-10-16 01:34:42] ๐ ุงูุนูููุงุช ุงููุดุทุฉ: 351
[2025-10-16 01:34:42] ๐ ุงูุงุชุตุงู ุจุงูุฅูุชุฑูุช: ูุชุงุญ
[2025-10-16 01:35:12] ๐ ูุญุต ุงูุฃุฏุงุก...
[2025-10-16 01:35:12] ๐ ุงูุนูููุงุช ุงููุดุทุฉ: 350
[2025-10-16 01:35:12] ๐ ุงูุงุชุตุงู ุจุงูุฅูุชุฑูุช: ูุชุงุญ
[2025-10-16 01:35:42] ๐ ูุญุต ุงูุฃุฏุงุก...
[2025-10-16 01:35:42] ๐ ุงูุนูููุงุช ุงููุดุทุฉ: 348
[2025-10-16 01:35:42] ๐ ุงูุงุชุตุงู ุจุงูุฅูุชุฑูุช: ูุชุงุญ
[2025-10-16 01:36:13] ๐ ูุญุต ุงูุฃุฏุงุก...
[2025-10-16 01:36:13] ๐ ุงูุนูููุงุช ุงููุดุทุฉ: 348
[2025-10-16 01:36:13] ๐ ุงูุงุชุตุงู ุจุงูุฅูุชุฑูุช: ูุชุงุญ
[2025-10-16 01:36:43] ๐ ูุญุต ุงูุฃุฏุงุก...
[2025-10-16 01:36:43] ๐ ุงูุนูููุงุช ุงููุดุทุฉ: 348
[2025-10-16 01:36:43] ๐ ุงูุงุชุตุงู ุจุงูุฅูุชุฑูุช: ูุชุงุญ
[2025-10-16 01:37:13] ๐ ูุญุต ุงูุฃุฏุงุก...
[2025-10-16 01:37:13] ๐ ุงูุนูููุงุช ุงููุดุทุฉ: 348
[2025-10-16 01:37:13] ๐ ุงูุงุชุตุงู ุจุงูุฅูุชุฑูุช: ูุชุงุญ
[2025-10-16 01:37:43] ๐ ูุญุต ุงูุฃุฏุงุก...
[2025-10-16 01:37:43] ๐ ุงูุนูููุงุช ุงููุดุทุฉ: 349
[2025-10-16 01:37:43] ๐ ุงูุงุชุตุงู ุจุงูุฅูุชุฑูุช: ูุชุงุญ
[2025-10-16 01:38:13] ๐ ูุญุต ุงูุฃุฏุงุก...
[2025-10-16 01:38:13] ๐ ุงูุนูููุงุช ุงููุดุทุฉ: 349
[2025-10-16 01:38:13] ๐ ุงูุงุชุตุงู ุจุงูุฅูุชุฑูุช: ูุชุงุญ
[2025-10-16 01:38:44] ๐ ูุญุต ุงูุฃุฏุงุก...
[2025-10-16 01:38:44] ๐ ุงูุนูููุงุช ุงููุดุทุฉ: 349
[2025-10-16 01:38:44] ๐ ุงูุงุชุตุงู ุจุงูุฅูุชุฑูุช: ูุชุงุญ
[2025-10-16 01:39:14] ๐ ูุญุต ุงูุฃุฏุงุก...
[2025-10-16 01:39:14] ๐ ุงูุนูููุงุช ุงููุดุทุฉ: 349
[2025-10-16 01:39:14] ๐ ุงูุงุชุตุงู ุจุงูุฅูุชุฑูุช: ูุชุงุญ
[2025-10-16 01:39:44] ๐ ูุญุต ุงูุฃุฏุงุก...
[2025-10-16 01:39:44] ๐ ุงูุนูููุงุช ุงููุดุทุฉ: 349
[2025-10-16 01:39:44] ๐ ุงูุงุชุตุงู ุจุงูุฅูุชุฑูุช: ูุชุงุญ
[2025-10-16 01:40:14] ๐ ูุญุต ุงูุฃุฏุงุก...
[2025-10-16 01:40:14] ๐ ุงูุนูููุงุช ุงููุดุทุฉ: 351
[2025-10-16 01:40:14] ๐ ุงูุงุชุตุงู ุจุงูุฅูุชุฑูุช: ูุชุงุญ
[2025-10-16 01:40:44] ๐ ูุญุต ุงูุฃุฏุงุก...
[2025-10-16 01:40:44] ๐ ุงูุนูููุงุช ุงููุดุทุฉ: 351
[2025-10-16 01:40:44] ๐ ุงูุงุชุตุงู ุจุงูุฅูุชุฑูุช: ูุชุงุญ
[2025-10-16 01:41:15] ๐ ูุญุต ุงูุฃุฏุงุก...
[2025-10-16 01:41:15] ๐ ุงูุนูููุงุช ุงููุดุทุฉ: 351
[2025-10-16 01:41:15] ๐ ุงูุงุชุตุงู ุจุงูุฅูุชุฑูุช: ูุชุงุญ
[2025-10-16 01:41:45] ๐ ูุญุต ุงูุฃุฏุงุก...
[2025-10-16 01:41:45] ๐ ุงูุนูููุงุช ุงููุดุทุฉ: 350
[2025-10-16 01:41:45] ๐ ุงูุงุชุตุงู ุจุงูุฅูุชุฑูุช: ูุชุงุญ
[2025-10-16 01:42:15] ๐ ูุญุต ุงูุฃุฏุงุก...
[2025-10-16 01:42:15] ๐ ุงูุนูููุงุช ุงููุดุทุฉ: 351
[2025-10-16 01:42:15] ๐ ุงูุงุชุตุงู ุจุงูุฅูุชุฑูุช: ูุชุงุญ
[2025-10-16 01:42:45] ๐ ูุญุต ุงูุฃุฏุงุก...
[2025-10-16 01:42:45] ๐ ุงูุนูููุงุช ุงููุดุทุฉ: 352
[2025-10-16 01:42:45] ๐ ุงูุงุชุตุงู ุจุงูุฅูุชุฑูุช: ูุชุงุญ
[2025-10-16 01:43:16] ๐ ูุญุต ุงูุฃุฏุงุก...
[2025-10-16 01:43:16] ๐ ุงูุนูููุงุช ุงููุดุทุฉ: 350
[2025-10-16 01:43:16] ๐ ุงูุงุชุตุงู ุจุงูุฅูุชุฑูุช: ูุชุงุญ
[2025-10-16 01:43:46] ๐ ูุญุต ุงูุฃุฏุงุก...
[2025-10-16 01:43:46] ๐ ุงูุนูููุงุช ุงููุดุทุฉ: 351
[2025-10-16 01:43:46] ๐ ุงูุงุชุตุงู ุจุงูุฅูุชุฑูุช: ูุชุงุญ
[2025-10-16 01:44:16] ๐ ูุญุต ุงูุฃุฏุงุก...
[2025-10-16 01:44:16] ๐ ุงูุนูููุงุช ุงููุดุทุฉ: 351
[2025-10-16 01:44:16] ๐ ุงูุงุชุตุงู ุจุงูุฅูุชุฑูุช: ูุชุงุญ
[2025-10-16 01:44:46] ๐ ูุญุต ุงูุฃุฏุงุก...
[2025-10-16 01:44:46] ๐ ุงูุนูููุงุช ุงููุดุทุฉ: 351
[2025-10-16 01:44:46] ๐ ุงูุงุชุตุงู ุจุงูุฅูุชุฑูุช: ูุชุงุญ
[2025-10-16 01:45:17] ๐ ูุญุต ุงูุฃุฏุงุก...
[2025-10-16 01:45:17] ๐ ุงูุนูููุงุช ุงููุดุทุฉ: 351
[2025-10-16 01:45:17] ๐ ุงูุงุชุตุงู ุจุงูุฅูุชุฑูุช: ูุชุงุญ
[2025-10-16 01:45:47] ๐ ูุญุต ุงูุฃุฏุงุก...
[2025-10-16 01:45:47] ๐ ุงูุนูููุงุช ุงููุดุทุฉ: 349
[2025-10-16 01:45:47] ๐ ุงูุงุชุตุงู ุจุงูุฅูุชุฑูุช: ูุชุงุญ
[2025-10-16 01:46:17] ๐ ูุญุต ุงูุฃุฏุงุก...
[2025-10-16 01:46:17] ๐ ุงูุนูููุงุช ุงููุดุทุฉ: 349
[2025-10-16 01:46:17] ๐ ุงูุงุชุตุงู ุจุงูุฅูุชุฑูุช: ูุชุงุญ
[2025-10-16 01:46:47] ๐ ูุญุต ุงูุฃุฏุงุก...
[2025-10-16 01:46:47] ๐ ุงูุนูููุงุช ุงููุดุทุฉ: 353
[2025-10-16 01:46:47] ๐ ุงูุงุชุตุงู ุจุงูุฅูุชุฑูุช: ูุชุงุญ
[2025-10-16 01:47:18] ๐ ูุญุต ุงูุฃุฏุงุก...
[2025-10-16 01:47:18] ๐ ุงูุนูููุงุช ุงููุดุทุฉ: 354
[2025-10-16 01:47:18] ๐ ุงูุงุชุตุงู ุจุงูุฅูุชุฑูุช: ูุชุงุญ
[2025-10-16 01:47:48] ๐ ูุญุต ุงูุฃุฏุงุก...
[2025-10-16 01:47:48] ๐ ุงูุนูููุงุช ุงููุดุทุฉ: 354
[2025-10-16 01:47:48] ๐ ุงูุงุชุตุงู ุจุงูุฅูุชุฑูุช: ูุชุงุญ
[2025-10-16 01:48:18] ๐ ูุญุต ุงูุฃุฏุงุก...
[2025-10-16 01:48:18] ๐ ุงูุนูููุงุช ุงููุดุทุฉ: 354
[2025-10-16 01:48:18] ๐ ุงูุงุชุตุงู ุจุงูุฅูุชุฑูุช: ูุชุงุญ
[2025-10-16 01:48:49] ๐ ูุญุต ุงูุฃุฏุงุก...
[2025-10-16 01:48:49] ๐ ุงูุนูููุงุช ุงููุดุทุฉ: 352
[2025-10-16 01:48:49] ๐ ุงูุงุชุตุงู ุจุงูุฅูุชุฑูุช: ูุชุงุญ
[2025-10-16 01:49:19] ๐ ูุญุต ุงูุฃุฏุงุก...
[2025-10-16 01:49:19] ๐ ุงูุนูููุงุช ุงููุดุทุฉ: 351
[2025-10-16 01:49:19] ๐ ุงูุงุชุตุงู ุจุงูุฅูุชุฑูุช: ูุชุงุญ
[2025-10-16 01:49:49] ๐ ูุญุต ุงูุฃุฏุงุก...
[2025-10-16 01:49:49] ๐ ุงูุนูููุงุช ุงููุดุทุฉ: 349
[2025-10-16 01:49:49] ๐ ุงูุงุชุตุงู ุจุงูุฅูุชุฑูุช: ูุชุงุญ
[2025-10-16 01:50:20] ๐ ูุญุต ุงูุฃุฏุงุก...
[2025-10-16 01:50:20] ๐ ุงูุนูููุงุช ุงููุดุทุฉ: 349
[2025-10-16 01:50:20] ๐ ุงูุงุชุตุงู ุจุงูุฅูุชุฑูุช: ูุชุงุญ
[2025-10-16 01:50:50] ๐ ูุญุต ุงูุฃุฏุงุก...
[2025-10-16 01:50:50] ๐ ุงูุนูููุงุช ุงููุดุทุฉ: 350
[2025-10-16 01:50:50] ๐ ุงูุงุชุตุงู ุจุงูุฅูุชุฑูุช: ูุชุงุญ
[2025-10-16 01:51:20] ๐ ูุญุต ุงูุฃุฏุงุก...
[2025-10-16 01:51:20] ๐ ุงูุนูููุงุช ุงููุดุทุฉ: 350
[2025-10-16 01:51:20] ๐ ุงูุงุชุตุงู ุจุงูุฅูุชุฑูุช: ูุชุงุญ
[2025-10-16 01:51:50] ๐ ูุญุต ุงูุฃุฏุงุก...
[2025-10-16 01:51:50] ๐ ุงูุนูููุงุช ุงููุดุทุฉ: 350
[2025-10-16 01:51:50] ๐ ุงูุงุชุตุงู ุจุงูุฅูุชุฑูุช: ูุชุงุญ
[2025-10-16 01:52:21] ๐ ูุญุต ุงูุฃุฏุงุก...
[2025-10-16 01:52:21] ๐ ุงูุนูููุงุช ุงููุดุทุฉ: 347
[2025-10-16 01:52:21] ๐ ุงูุงุชุตุงู ุจุงูุฅูุชุฑูุช: ูุชุงุญ
[2025-10-16 01:52:51] ๐ ูุญุต ุงูุฃุฏุงุก...
[2025-10-16 01:52:51] ๐ ุงูุนูููุงุช ุงููุดุทุฉ: 347
[2025-10-16 01:52:51] ๐ ุงูุงุชุตุงู ุจุงูุฅูุชุฑูุช: ูุชุงุญ
[2025-10-16 01:53:21] ๐ ูุญุต ุงูุฃุฏุงุก...
[2025-10-16 01:53:21] ๐ ุงูุนูููุงุช ุงููุดุทุฉ: 348
[2025-10-16 01:53:21] ๐ ุงูุงุชุตุงู ุจุงูุฅูุชุฑูุช: ูุชุงุญ
[2025-10-16 01:53:51] ๐ ูุญุต ุงูุฃุฏุงุก...
[2025-10-16 01:53:51] ๐ ุงูุนูููุงุช ุงููุดุทุฉ: 348
[2025-10-16 01:53:51] ๐ ุงูุงุชุตุงู ุจุงูุฅูุชุฑูุช: ูุชุงุญ
[2025-10-16 01:54:21] ๐ ูุญุต ุงูุฃุฏุงุก...
[2025-10-16 01:54:21] ๐ ุงูุนูููุงุช ุงููุดุทุฉ: 359
[2025-10-16 01:54:21] โ ุงูุงุชุตุงู ุจุงูุฅูุชุฑูุช: ุบูุฑ ูุชุงุญ
[2025-10-16 01:54:52] ๐ ูุญุต ุงูุฃุฏุงุก...
[2025-10-16 01:54:52] ๐ ุงูุนูููุงุช ุงููุดุทุฉ: 329
[2025-10-16 01:54:52] โ ุงูุงุชุตุงู ุจุงูุฅูุชุฑูุช: ุบูุฑ ูุชุงุญ
02] ๐ ูุญุต ุงูุฃุฏุงุก...
[2025-10-16 01:50:02] ๐ ุงูุนูููุงุช ุงููุดุทุฉ: 349
[2025-10-16 01:50:02] ๐ ุงูุงุชุตุงู ุจุงูุฅูุชุฑูุช: ูุชุงุญ
[2025-10-16 01:50:32] ๐ ูุญุต ุงูุฃุฏุงุก...
[2025-10-16 01:50:32] ๐ ุงูุนูููุงุช ุงููุดุทุฉ: 349
[2025-10-16 01:50:32] ๐ ุงูุงุชุตุงู ุจุงูุฅูุชุฑูุช: ูุชุงุญ
[2025-10-16 01:51:03] ๐ ูุญุต ุงูุฃุฏุงุก...
[2025-10-16 01:51:03] ๐ ุงูุนูููุงุช ุงููุดุทุฉ: 350
[2025-10-16 01:51:03] ๐ ุงูุงุชุตุงู ุจุงูุฅูุชุฑูุช: ูุชุงุญ
[2025-10-16 01:51:33] ๐ ูุญุต ุงูุฃุฏุงุก...
[2025-10-16 01:51:33] ๐ ุงูุนูููุงุช ุงููุดุทุฉ: 350
[2025-10-16 01:51:33] ๐ ุงูุงุชุตุงู ุจุงูุฅูุชุฑูุช: ูุชุงุญ
[2025-10-16 01:52:03] ๐ ูุญุต ุงูุฃุฏุงุก...
[2025-10-16 01:52:03] ๐ ุงูุนูููุงุช ุงููุดุทุฉ: 350
[2025-10-16 01:52:03] ๐ ุงูุงุชุตุงู ุจุงูุฅูุชุฑูุช: ูุชุงุญ
[2025-10-16 01:52:33] ๐ ูุญุต ุงูุฃุฏุงุก...
[2025-10-16 01:52:33] ๐ ุงูุนูููุงุช ุงููุดุทุฉ: 347
[2025-10-16 01:52:33] ๐ ุงูุงุชุตุงู ุจุงูุฅูุชุฑูุช: ูุชุงุญ
[2025-10-16 01:53:04] ๐ ูุญุต ุงูุฃุฏุงุก...
[2025-10-16 01:53:04] ๐ ุงูุนูููุงุช ุงููุดุทุฉ: 347
[2025-10-16 01:53:04] ๐ ุงูุงุชุตุงู ุจุงูุฅูุชุฑูุช: ูุชุงุญ
[2025-10-16 01:53:34] ๐ ูุญุต ุงูุฃุฏุงุก...
[2025-10-16 01:53:34] ๐ ุงูุนูููุงุช ุงููุดุทุฉ: 348
[2025-10-16 01:53:34] ๐ ุงูุงุชุตุงู ุจุงูุฅูุชุฑูุช: ูุชุงุญ
[2025-10-16 01:54:04] ๐ ูุญุต ุงูุฃุฏุงุก...
[2025-10-16 01:54:04] ๐ ุงูุนูููุงุช ุงููุดุทุฉ: 348
[2025-10-16 01:54:04] ๐ ุงูุงุชุตุงู ุจุงูุฅูุชุฑูุช: ูุชุงุญ
[2025-10-16 01:54:34] ๐ ูุญุต ุงูุฃุฏุงุก...
[2025-10-16 01:54:34] ๐ ุงูุนูููุงุช ุงููุดุทุฉ: 357
[2025-10-16 01:54:34] โ ุงูุงุชุตุงู ุจุงูุฅูุชุฑูุช: ุบูุฑ ูุชุงุญ
