2025-10-31 00:53:50,208 - INFO - ๐ ุชู ุชููุฆุฉ ุงููุงุญุต ูุงุฆู ุงูุณุฑุนุฉ - ุงูุฌูุณุฉ: ultra_scan_1761861230
2025-10-31 00:53:50,209 - INFO - โ๏ธ ุงูุนูุงู: 8, ุงูุนูู ุงูุฃูุตู: 10
2025-10-31 00:53:50,209 - INFO - ๐ ุจุฏุก ุงููุญุต ุงููุงุฆู ูููุดุงุฑูุน
2025-10-31 00:53:50,209 - INFO - ๐ ุจุฏุก ุงููุญุต ุงููุงุฆู ูุฌููุน ุงููุดุงุฑูุน...
2025-10-31 00:53:50,209 - INFO - ๐ ุจุฏุก ุงูุชุดุงู ุงููุดุงุฑูุน...
2025-10-31 00:53:50,236 - INFO - โ ุชู ุงูุชุดุงู 14 ูุดุฑูุน ูู 0.03 ุซุงููุฉ
2025-10-31 00:53:50,236 - INFO - ๐ ุณูุชู ูุญุต 14 ูุดุฑูุน
2025-10-31 00:53:50,237 - INFO - ๐ฏ ุจุฏุก ุงููุญุต ุงููุงุฆู ูููุดุฑูุน: incremental_20251020_201924
2025-10-31 00:53:50,237 - INFO - ๐ฏ ุจุฏุก ุงููุญุต ุงููุงุฆู ูููุดุฑูุน: baseer-web-v1.0.0-20251015_232812
2025-10-31 00:53:50,390 - INFO - โ ุงูุชูู ูุญุต incremental_20251020_201924: 4 ูููุ 1 ูุฌูุฏุ ุงูุนูู: 0
2025-10-31 00:53:50,409 - INFO - ๐ฏ ุจุฏุก ุงููุญุต ุงููุงุฆู ูููุดุฑูุน: ูุญูุธุชู
2025-10-31 00:53:50,537 - INFO - ๐ ุงูุชูุฏู: 7.1% (1/14)
2025-10-31 00:53:50,547 - INFO - โ ุงูุชูู ูุญุต ูุญูุธุชู: 82 ูููุ 1 ูุฌูุฏุ ุงูุนูู: 0
2025-10-31 00:53:50,548 - INFO - ๐ฏ ุจุฏุก ุงููุญุต ุงููุงุฆู ูููุดุฑูุน: Wallet
2025-10-31 00:53:50,572 - INFO - ๐ ุงูุชูุฏู: 14.3% (2/14)
2025-10-31 00:53:50,600 - INFO - โ ุงูุชูู ูุญุต baseer-web-v1.0.0-20251015_232812: 29 ูููุ 9 ูุฌูุฏุ ุงูุนูู: 3
2025-10-31 00:53:50,600 - INFO - ๐ฏ ุจุฏุก ุงููุญุต ุงููุงุฆู ูููุดุฑูุน: MyWallet_Project_Final
2025-10-31 00:53:50,605 - INFO - โ ุงูุชูู ูุญุต Wallet: 42 ูููุ 2 ูุฌูุฏุ ุงูุนูู: 1
2025-10-31 00:53:50,622 - INFO - ๐ ุงูุชูุฏู: 21.4% (3/14)
2025-10-31 00:53:50,622 - INFO - ๐ฏ ุจุฏุก ุงููุญุต ุงููุงุฆู ูููุดุฑูุน: ูุญูุธุชู(ุงููุงุฏ)
2025-10-31 00:53:50,787 - INFO - ๐ ุงูุชูุฏู: 28.6% (4/14)
2025-10-31 00:53:50,800 - INFO - โ ุงูุชูู ูุญุต ูุญูุธุชู(ุงููุงุฏ): 63 ูููุ 1 ูุฌูุฏุ ุงูุนูู: 0
2025-10-31 00:53:50,800 - INFO - ๐ฏ ุจุฏุก ุงููุญุต ุงููุงุฆู ูููุดุฑูุน: Baseer
2025-10-31 00:53:50,872 - INFO - ๐ ุงูุชูุฏู: 35.7% (5/14)
2025-10-31 00:53:50,872 - INFO - ๐พ ุชู ุญูุธ ุงูุญุงูุฉ ุงูุญุงููุฉ
2025-10-31 00:53:50,895 - INFO - โ ุงูุชูู ูุญุต Baseer: 29 ูููุ 2 ูุฌูุฏุ ุงูุนูู: 1
2025-10-31 00:53:50,895 - INFO - ๐ฏ ุจุฏุก ุงููุญุต ุงููุงุฆู ูููุดุฑูุน: falcon-finance-hub-main
2025-10-31 00:53:50,911 - INFO - ๐ ุงูุชูุฏู: 42.9% (6/14)
2025-10-31 00:53:51,077 - INFO - โ ุงูุชูู ูุญุต falcon-finance-hub-main: 98 ูููุ 16 ูุฌูุฏุ ุงูุนูู: 3
2025-10-31 00:53:51,077 - INFO - ๐ฏ ุจุฏุก ุงููุญุต ุงููุงุฆู ูููุดุฑูุน: incremental_20251020_201917
2025-10-31 00:53:51,172 - INFO - ๐ ุงูุชูุฏู: 50.0% (7/14)
2025-10-31 00:53:51,603 - INFO - โ ุงูุชูู ูุญุต incremental_20251020_201917: 24 ูููุ 4 ูุฌูุฏุ ุงูุนูู: 1
2025-10-31 00:53:51,604 - INFO - ๐ฏ ุจุฏุก ุงููุญุต ุงููุงุฆู ูููุดุฑูุน: accounting-initial-project-setup
2025-10-31 00:53:51,615 - INFO - ๐ ุงูุชูุฏู: 57.1% (8/14)
2025-10-31 01:32:01,731 - INFO - ๐ ุชู ุงุณุชูุงู ุฅุดุงุฑุฉ ุฅููุงูุ ุฌุงุฑู ุงูุญูุธ ุงูุขูู...
2025-10-31 01:32:01,731 - INFO - ๐ ุชู ุงุณุชูุงู ุฅุดุงุฑุฉ ุฅููุงูุ ุฌุงุฑู ุงูุญูุธ ุงูุขูู...
2025-10-31 01:32:01,733 - INFO - ๐พ ุชู ุญูุธ ุงูุญุงูุฉ ุงูุญุงููุฉ
